#
# There is insufficient memory for the Java Runtime Environment to continue.
# Native memory allocation (malloc) failed to allocate 32744 bytes for ChunkPool::allocate
# Possible reasons:
#   The system is out of physical RAM or swap space
#   In 32 bit mode, the process size limit was hit
# Possible solutions:
#   Reduce memory load on the system
#   Increase physical memory or swap space
#   Check if swap backing store is full
#   Use 64 bit Java on a 64 bit OS
#   Decrease Java heap size (-Xmx/-Xms)
#   Decrease number of Java threads
#   Decrease Java thread stack sizes (-Xss)
#   Set larger code cache with -XX:ReservedCodeCacheSize=
# This output file may be truncated or incomplete.
#
#  Out of Memory Error (allocation.cpp:273), pid=4676, tid=0x0000000000000784
#
# JRE version: Java(TM) SE Runtime Environment (8.0_101-b13) (build 1.8.0_101-b13)
# Java VM: Java HotSpot(TM) 64-Bit Server VM (25.101-b13 mixed mode windows-amd64 compressed oops)
# Failed to write core dump. Minidumps are not enabled by default on client versions of Windows
#

---------------  T H R E A D  ---------------

Current thread (0x00000000569b4800):  JavaThread "C2 CompilerThread1" daemon [_thread_in_native, id=1924, stack(0x0000000056770000,0x0000000056870000)]

Stack: [0x0000000056770000,0x0000000056870000]
[error occurred during error reporting (printing stack bounds), id 0xc0000005]

Native frames: (J=compiled Java code, j=interpreted, Vv=VM code, C=native code)


Current CompileTask:
C2:30546087 30997   !   4       org.codehaus.groovy.antlr.parser.GroovyLexer::nextToken (2683 bytes)


---------------  P R O C E S S  ---------------

Java Threads: ( => current thread )
  0x000000005c1e5000 JavaThread "Stdin handler" [_thread_blocked, id=8888, stack(0x0000000060760000,0x0000000060860000)]
  0x000000005c272000 JavaThread "Daemon worker Thread 51" [_thread_in_vm, id=8884, stack(0x0000000059650000,0x0000000059750000)]
  0x000000005c270800 JavaThread "Cancel handler" [_thread_blocked, id=8880, stack(0x00000000598b0000,0x00000000599b0000)]
  0x000000005c26f000 JavaThread "Handler for socket connection from /127.0.0.1:49684 to /127.0.0.1:53131" [_thread_in_native, id=8876, stack(0x0000000058f60000,0x0000000059060000)]
  0x000000005c26c000 JavaThread "Daemon Thread 51" [_thread_blocked, id=8872, stack(0x00000000593d0000,0x00000000594d0000)]
  0x000000005c1e6800 JavaThread "pool-7-thread-4" [_thread_blocked, id=1908, stack(0x0000000065290000,0x0000000065390000)]
  0x0000000058948800 JavaThread "pool-7-thread-3" [_thread_blocked, id=6844, stack(0x000000005c740000,0x000000005c840000)]
  0x000000005bb8c800 JavaThread "pool-7-thread-2" [_thread_blocked, id=7108, stack(0x0000000065860000,0x0000000065960000)]
  0x000000005bb89800 JavaThread "pool-7-thread-1" [_thread_blocked, id=5952, stack(0x0000000064d00000,0x0000000064e00000)]
  0x000000005bb86800 JavaThread "pool-3-thread-4" [_thread_blocked, id=1780, stack(0x0000000063dd0000,0x0000000063ed0000)]
  0x000000005bb86000 JavaThread "pool-3-thread-1" [_thread_blocked, id=4032, stack(0x0000000063b70000,0x0000000063c70000)]
  0x000000005dc45000 JavaThread "pool-3-thread-3" [_thread_blocked, id=3444, stack(0x00000000639e0000,0x0000000063ae0000)]
  0x000000005dc43800 JavaThread "pool-3-thread-2" [_thread_blocked, id=3772, stack(0x0000000063890000,0x0000000063990000)]
  0x000000005a1f3000 JavaThread "File lock request listener" [_thread_in_native, id=1644, stack(0x000000005b1a0000,0x000000005b2a0000)]
  0x000000005817e000 JavaThread "Incoming local TCP Connector on port 49684" [_thread_in_native, id=1320, stack(0x0000000059090000,0x0000000059190000)]
  0x0000000056a1f800 JavaThread "Service Thread" daemon [_thread_blocked, id=4672, stack(0x0000000056f50000,0x0000000057050000)]
  0x0000000055019800 JavaThread "C1 CompilerThread2" daemon [_thread_in_vm, id=4660, stack(0x0000000056dd0000,0x0000000056ed0000)]
=>0x00000000569b4800 JavaThread "C2 CompilerThread1" daemon [_thread_in_native, id=1924, stack(0x0000000056770000,0x0000000056870000)]
  0x0000000055013000 JavaThread "C2 CompilerThread0" daemon [_thread_in_vm, id=3548, stack(0x00000000568b0000,0x00000000569b0000)]
  0x000000005500f800 JavaThread "Attach Listener" daemon [_thread_blocked, id=804, stack(0x0000000056550000,0x0000000056650000)]
  0x000000005500e800 JavaThread "Signal Dispatcher" daemon [_thread_blocked, id=2140, stack(0x0000000056670000,0x0000000056770000)]
  0x0000000054ffa000 JavaThread "Finalizer" daemon [_thread_blocked, id=4072, stack(0x00000000563f0000,0x00000000564f0000)]
  0x0000000054fb3000 JavaThread "Reference Handler" daemon [_thread_blocked, id=4832, stack(0x0000000056230000,0x0000000056330000)]
  0x000000000235f000 JavaThread "main" [_thread_blocked, id=4048, stack(0x00000000021f0000,0x00000000022f0000)]

Other Threads:
  0x0000000054fab800 VMThread [stack: 0x0000000056050000,0x0000000056150000] [id=4092]
  0x0000000056a30000 WatcherThread [stack: 0x0000000057140000,0x0000000057240000] [id=4748]

VM state:not at safepoint (normal execution)

VM Mutex/Monitor currently owned by a thread: None

Heap:
 PSYoungGen      total 316928K, used 275190K [0x00000000eab00000, 0x0000000100000000, 0x0000000100000000)
  eden space 293888K, 85% used [0x00000000eab00000,0x00000000fa144960,0x00000000fca00000)
  from space 23040K, 99% used [0x00000000fe980000,0x00000000ffff9098,0x0000000100000000)
  to   space 27648K, 0% used [0x00000000fca00000,0x00000000fca00000,0x00000000fe500000)
 ParOldGen       total 211968K, used 74053K [0x00000000c0000000, 0x00000000ccf00000, 0x00000000eab00000)
  object space 211968K, 34% used [0x00000000c0000000,0x00000000c4851600,0x00000000ccf00000)
 Metaspace       used 86800K, capacity 94548K, committed 97280K, reserved 1134592K
  class space    used 11043K, capacity 11746K, committed 13056K, reserved 1048576K

Card table byte_map: [0x0000000011c40000,0x0000000011e50000] byte_map_base: 0x0000000011640000

Marking Bits: (ParMarkBitMap*) 0x000000006ab2a6d0
 Begin Bits: [0x0000000012420000, 0x0000000013420000)
 End Bits:   [0x0000000013420000, 0x0000000014420000)

Polling page: 0x00000000006c0000

CodeCache: size=245760Kb used=91612Kb max_used=91660Kb free=154147Kb
 bounds [0x0000000002880000, 0x00000000082b0000, 0x0000000011880000]
 total_blobs=22691 nmethods=21909 adapters=691
 compilation: enabled

Compilation events (10 events):
Event: 30541.169 Thread 0x0000000055019800 nmethod 30991 0x0000000003bcebd0 code [0x0000000003bceda0, 0x0000000003bcf410]
Event: 30541.169 Thread 0x00000000569b4800 30992       4       groovyjarjarantlr.ANTLRHashString::charAt (25 bytes)
Event: 30541.171 Thread 0x0000000055013000 30993       4       groovyjarjarantlr.TokenQueue::append (47 bytes)
Event: 30541.171 Thread 0x00000000569b4800 nmethod 30992 0x000000000355f150 code [0x000000000355f2a0, 0x000000000355f398]
Event: 30541.172 Thread 0x0000000055013000 nmethod 30993 0x0000000003b2cc10 code [0x0000000003b2cd60, 0x0000000003b2ce88]
Event: 30541.174 Thread 0x0000000055019800 30994       3       java.io.BufferedWriter::newLine (9 bytes)
Event: 30541.175 Thread 0x0000000055019800 nmethod 30994 0x0000000003b01310 code [0x0000000003b01480, 0x0000000003b017e8]
Event: 30541.263 Thread 0x0000000055019800 30998       3       groovyjarjarantlr.BaseAST::addChild (49 bytes)
Event: 30541.263 Thread 0x0000000055019800 nmethod 30998 0x0000000004666a10 code [0x0000000004666ba0, 0x0000000004667050]
Event: 30541.266 Thread 0x00000000569b4800 30997   !   4       org.codehaus.groovy.antlr.parser.GroovyLexer::nextToken (2683 bytes)

GC Heap History (10 events):
Event: 29491.351 GC heap before
{Heap before GC invocations=266 (full 53):
 PSYoungGen      total 321024K, used 105865K [0x00000000eab00000, 0x00000000ffe80000, 0x0000000100000000)
  eden space 296448K, 32% used [0x00000000eab00000,0x00000000f0876738,0x00000000fcc80000)
  from space 24576K, 41% used [0x00000000fe680000,0x00000000ff06bea0,0x00000000ffe80000)
  to   space 25600K, 0% used [0x00000000fcc80000,0x00000000fcc80000,0x00000000fe580000)
 ParOldGen       total 211968K, used 71045K [0x00000000c0000000, 0x00000000ccf00000, 0x00000000eab00000)
  object space 211968K, 33% used [0x00000000c0000000,0x00000000c45614e0,0x00000000ccf00000)
 Metaspace       used 84977K, capacity 91236K, committed 96000K, reserved 1132544K
  class space    used 10658K, capacity 11125K, committed 12800K, reserved 1048576K
Event: 29491.366 GC heap after
Heap after GC invocations=266 (full 53):
 PSYoungGen      total 322048K, used 6396K [0x00000000eab00000, 0x00000000ffe00000, 0x0000000100000000)
  eden space 296448K, 0% used [0x00000000eab00000,0x00000000eab00000,0x00000000fcc80000)
  from space 25600K, 24% used [0x00000000fcc80000,0x00000000fd2bf088,0x00000000fe580000)
  to   space 24064K, 0% used [0x00000000fe680000,0x00000000fe680000,0x00000000ffe00000)
 ParOldGen       total 211968K, used 71053K [0x00000000c0000000, 0x00000000ccf00000, 0x00000000eab00000)
  object space 211968K, 33% used [0x00000000c0000000,0x00000000c45634e0,0x00000000ccf00000)
 Metaspace       used 84977K, capacity 91236K, committed 96000K, reserved 1132544K
  class space    used 10658K, capacity 11125K, committed 12800K, reserved 1048576K
}
Event: 30037.042 GC heap before
{Heap before GC invocations=267 (full 53):
 PSYoungGen      total 322048K, used 206048K [0x00000000eab00000, 0x00000000ffe00000, 0x0000000100000000)
  eden space 296448K, 67% used [0x00000000eab00000,0x00000000f6df9058,0x00000000fcc80000)
  from space 25600K, 24% used [0x00000000fcc80000,0x00000000fd2bf088,0x00000000fe580000)
  to   space 24064K, 0% used [0x00000000fe680000,0x00000000fe680000,0x00000000ffe00000)
 ParOldGen       total 211968K, used 71053K [0x00000000c0000000, 0x00000000ccf00000, 0x00000000eab00000)
  object space 211968K, 33% used [0x00000000c0000000,0x00000000c45634e0,0x00000000ccf00000)
 Metaspace       used 85347K, capacity 91984K, committed 96256K, reserved 1132544K
  class space    used 10735K, capacity 11246K, committed 12800K, reserved 1048576K
Event: 30037.051 GC heap after
Heap after GC invocations=267 (full 53):
 PSYoungGen      total 320000K, used 6848K [0x00000000eab00000, 0x00000000ffb00000, 0x0000000100000000)
  eden space 299008K, 0% used [0x00000000eab00000,0x00000000eab00000,0x00000000fcf00000)
  from space 20992K, 32% used [0x00000000fe680000,0x00000000fed30020,0x00000000ffb00000)
  to   space 22528K, 0% used [0x00000000fcf00000,0x00000000fcf00000,0x00000000fe500000)
 ParOldGen       total 211968K, used 71061K [0x00000000c0000000, 0x00000000ccf00000, 0x00000000eab00000)
  object space 211968K, 33% used [0x00000000c0000000,0x00000000c45654e0,0x00000000ccf00000)
 Metaspace       used 85347K, capacity 91984K, committed 96256K, reserved 1132544K
  class space    used 10735K, capacity 11246K, committed 12800K, reserved 1048576K
}
Event: 30037.051 GC heap before
{Heap before GC invocations=268 (full 54):
 PSYoungGen      total 320000K, used 6848K [0x00000000eab00000, 0x00000000ffb00000, 0x0000000100000000)
  eden space 299008K, 0% used [0x00000000eab00000,0x00000000eab00000,0x00000000fcf00000)
  from space 20992K, 32% used [0x00000000fe680000,0x00000000fed30020,0x00000000ffb00000)
  to   space 22528K, 0% used [0x00000000fcf00000,0x00000000fcf00000,0x00000000fe500000)
 ParOldGen       total 211968K, used 71061K [0x00000000c0000000, 0x00000000ccf00000, 0x00000000eab00000)
  object space 211968K, 33% used [0x00000000c0000000,0x00000000c45654e0,0x00000000ccf00000)
 Metaspace       used 85347K, capacity 91984K, committed 96256K, reserved 1132544K
  class space    used 10735K, capacity 11246K, committed 12800K, reserved 1048576K
Event: 30037.510 GC heap after
Heap after GC invocations=268 (full 54):
 PSYoungGen      total 320000K, used 0K [0x00000000eab00000, 0x00000000ffb00000, 0x0000000100000000)
  eden space 299008K, 0% used [0x00000000eab00000,0x00000000eab00000,0x00000000fcf00000)
  from space 20992K, 0% used [0x00000000fe680000,0x00000000fe680000,0x00000000ffb00000)
  to   space 22528K, 0% used [0x00000000fcf00000,0x00000000fcf00000,0x00000000fe500000)
 ParOldGen       total 211968K, used 71996K [0x00000000c0000000, 0x00000000ccf00000, 0x00000000eab00000)
  object space 211968K, 33% used [0x00000000c0000000,0x00000000c464f3f8,0x00000000ccf00000)
 Metaspace       used 85241K, capacity 91736K, committed 96256K, reserved 1132544K
  class space    used 10709K, capacity 11216K, committed 12800K, reserved 1048576K
}
Event: 30057.906 GC heap before
{Heap before GC invocations=269 (full 54):
 PSYoungGen      total 320000K, used 299008K [0x00000000eab00000, 0x00000000ffb00000, 0x0000000100000000)
  eden space 299008K, 100% used [0x00000000eab00000,0x00000000fcf00000,0x00000000fcf00000)
  from space 20992K, 0% used [0x00000000fe680000,0x00000000fe680000,0x00000000ffb00000)
  to   space 22528K, 0% used [0x00000000fcf00000,0x00000000fcf00000,0x00000000fe500000)
 ParOldGen       total 211968K, used 71996K [0x00000000c0000000, 0x00000000ccf00000, 0x00000000eab00000)
  object space 211968K, 33% used [0x00000000c0000000,0x00000000c464f3f8,0x00000000ccf00000)
 Metaspace       used 86458K, capacity 93726K, committed 96896K, reserved 1132544K
  class space    used 10968K, capacity 11636K, committed 12928K, reserved 1048576K
Event: 30057.943 GC heap after
Heap after GC invocations=269 (full 54):
 PSYoungGen      total 321536K, used 12724K [0x00000000eab00000, 0x0000000100000000, 0x0000000100000000)
  eden space 299008K, 0% used [0x00000000eab00000,0x00000000eab00000,0x00000000fcf00000)
  from space 22528K, 56% used [0x00000000fcf00000,0x00000000fdb6d1c8,0x00000000fe500000)
  to   space 23040K, 0% used [0x00000000fe980000,0x00000000fe980000,0x0000000100000000)
 ParOldGen       total 211968K, used 72004K [0x00000000c0000000, 0x00000000ccf00000, 0x00000000eab00000)
  object space 211968K, 33% used [0x00000000c0000000,0x00000000c46513f8,0x00000000ccf00000)
 Metaspace       used 86458K, capacity 93726K, committed 96896K, reserved 1132544K
  class space    used 10968K, capacity 11636K, committed 12928K, reserved 1048576K
}
Event: 30115.790 GC heap before
{Heap before GC invocations=270 (full 54):
 PSYoungGen      total 321536K, used 311732K [0x00000000eab00000, 0x0000000100000000, 0x0000000100000000)
  eden space 299008K, 100% used [0x00000000eab00000,0x00000000fcf00000,0x00000000fcf00000)
  from space 22528K, 56% used [0x00000000fcf00000,0x00000000fdb6d1c8,0x00000000fe500000)
  to   space 23040K, 0% used [0x00000000fe980000,0x00000000fe980000,0x0000000100000000)
 ParOldGen       total 211968K, used 72004K [0x00000000c0000000, 0x00000000ccf00000, 0x00000000eab00000)
  object space 211968K, 33% used [0x00000000c0000000,0x00000000c46513f8,0x00000000ccf00000)
 Metaspace       used 86686K, capacity 94266K, committed 97152K, reserved 1134592K
  class space    used 11015K, capacity 11704K, committed 12928K, reserved 1048576K
Event: 30115.819 GC heap after
Heap after GC invocations=270 (full 54):
 PSYoungGen      total 316928K, used 23012K [0x00000000eab00000, 0x0000000100000000, 0x0000000100000000)
  eden space 293888K, 0% used [0x00000000eab00000,0x00000000eab00000,0x00000000fca00000)
  from space 23040K, 99% used [0x00000000fe980000,0x00000000ffff9098,0x0000000100000000)
  to   space 27648K, 0% used [0x00000000fca00000,0x00000000fca00000,0x00000000fe500000)
 ParOldGen       total 211968K, used 74053K [0x00000000c0000000, 0x00000000ccf00000, 0x00000000eab00000)
  object space 211968K, 34% used [0x00000000c0000000,0x00000000c4851600,0x00000000ccf00000)
 Metaspace       used 86686K, capacity 94266K, committed 97152K, reserved 1134592K
  class space    used 11015K, capacity 11704K, committed 12928K, reserved 1048576K
}

Deoptimization events (10 events):
Event: 29491.466 Thread 0x000000005d99f800 Uncommon trap: reason=unstable_if action=reinterpret pc=0x0000000004566908 method=com.android.build.gradle.internal.LoggerWrapper.info(Ljava/lang/String;[Ljava/lang/Object;)V @ 13
Event: 29491.712 Thread 0x000000005c1e6800 Uncommon trap: reason=class_check action=maybe_recompile pc=0x00000000067ba754 method=com.google.gson.stream.JsonWriter.beforeName()V @ 16
Event: 29491.712 Thread 0x000000005c1e6800 Uncommon trap: reason=class_check action=maybe_recompile pc=0x0000000004200394 method=org.gradle.logging.internal.OutputEventRenderer$2.onOutput(Lorg/gradle/logging/internal/OutputEvent;)V @ 11
Event: 29491.712 Thread 0x000000005c1e6800 Uncommon trap: reason=class_check action=maybe_recompile pc=0x0000000004200394 method=org.gradle.logging.internal.OutputEventRenderer$2.onOutput(Lorg/gradle/logging/internal/OutputEvent;)V @ 11
Event: 30037.004 Thread 0x000000005c26f000 Uncommon trap: reason=unstable_if action=reinterpret pc=0x0000000005c50f1c method=org.gradle.util.GFileUtils.mkdirs(Ljava/io/File;)V @ 221
Event: 30135.093 Thread 0x000000005c272000 Uncommon trap: reason=unstable_if action=reinterpret pc=0x00000000039178d4 method=java.lang.Integer.toString(I)Ljava/lang/String; @ 10
Event: 30135.093 Thread 0x000000005c1e6800 Uncommon trap: reason=unstable_if action=reinterpret pc=0x000000000643bda4 method=java.util.Formatter$FormatSpecifier.print(ILjava/util/Locale;)V @ 4
Event: 30135.107 Thread 0x000000005c1e6800 Uncommon trap: reason=unstable_if action=reinterpret pc=0x0000000006598220 method=java.util.Formatter$FormatSpecifier.print(JLjava/util/Locale;)V @ 21
Event: 30135.193 Thread 0x000000005c1e6800 Uncommon trap: reason=unstable_if action=reinterpret pc=0x00000000048a7d3c method=java.lang.Long.toString(J)Ljava/lang/String; @ 14
Event: 30135.193 Thread 0x000000005c1e6800 Uncommon trap: reason=unstable_if action=reinterpret pc=0x0000000003fd1c6c method=java.lang.Long.getChars(JI[C)V @ 9

Internal exceptions (10 events):
Event: 30055.778 Thread 0x000000005c26c000 Exception <a 'java/lang/NoSuchMethodError': <clinit>> (0x00000000eaf3ea98) thrown at [C:\re\workspace\8-2-build-windows-amd64-cygwin\jdk8u101\7261\hotspot\src\share\vm\prims\jni.cpp, line 1613]
Event: 30055.782 Thread 0x000000005c26c000 Exception <a 'java/lang/NoSuchMethodError': <clinit>> (0x00000000fc3cda08) thrown at [C:\re\workspace\8-2-build-windows-amd64-cygwin\jdk8u101\7261\hotspot\src\share\vm\prims\jni.cpp, line 1613]
Event: 30055.782 Thread 0x000000005c26c000 Exception <a 'java/lang/NoSuchMethodError': <clinit>> (0x00000000fc3d99f0) thrown at [C:\re\workspace\8-2-build-windows-amd64-cygwin\jdk8u101\7261\hotspot\src\share\vm\prims\jni.cpp, line 1613]
Event: 30057.861 Thread 0x000000005c26f000 Exception <a 'java/lang/ClassNotFoundException': asLocalRepo127_f2mmqd8heigzwjn5fx2mq0ltxBeanInfo> (0x00000000fce7e5b8) thrown at [C:\re\workspace\8-2-build-windows-amd64-cygwin\jdk8u101\7261\hotspot\src\share\vm\classfile\systemDictionary.cpp, line 210]
Event: 30057.861 Thread 0x000000005c26f000 Exception <a 'java/lang/ClassNotFoundException': asLocalRepo127_f2mmqd8heigzwjn5fx2mq0ltxCustomizer> (0x00000000fce87848) thrown at [C:\re\workspace\8-2-build-windows-amd64-cygwin\jdk8u101\7261\hotspot\src\share\vm\classfile\systemDictionary.cpp, line 210]Go>ÄZfÝ@
Event: 30105.418 Thread 0x000000005c26f000 Exception <a 'java/lang/ClassNotFoundException': asLocalRepo128_9si5e5v3z1avhmb15fp2igd6lBeanInfo> (0x00000000f2cc9de8) thrown at [C:\re\workspace\8-2-build-windows-amd64-cygwin\jdk8u101\7261\hotspot\src\share\vm\classfile\systemDictionary.cpp, line 210]
Event: 30105.418 Thread 0x000000005c26f000 Exception <a 'java/lang/ClassNotFoundException': asLocalRepo128_9si5e5v3z1avhmb15fp2igd6lCustomizer> (0x00000000f2cd3078) thrown at [C:\re\workspace\8-2-build-windows-amd64-cygwin\jdk8u101\7261\hotspot\src\share\vm\classfile\systemDictionary.cpp, line 210]íi›QÌmÝ@
Event: 30135.192 Thread 0x000000005c270800 Exception <a 'java/io/IOException': CreateProcess error=1450, Insufficient system resources exist to complete the requested service> (0x00000000f58098d8) thrown at [C:\re\workspace\8-2-build-windows-amd64-cygwin\jdk8u101\7261\hotspot\src\share\vm\prims\jniø¬.HÓÝ@
Event: 30541.128 Thread 0x000000005c272000 Exception <a 'java/lang/ClassNotFoundException': asLocalRepo129_dvda74wb9u9ovuc3lffgqifp0BeanInfo> (0x00000000f7c0ea50) thrown at [C:\re\workspace\8-2-build-windows-amd64-cygwin\jdk8u101\7261\hotspot\src\share\vm\classfile\systemDictionary.cpp, line 210]
Event: 30541.128 Thread 0x000000005c272000 Exception <a 'java/lang/ClassNotFoundException': asLocalRepo129_dvda74wb9u9ovuc3lffgqifp0Customizer> (0x00000000f7c17d18) thrown at [C:\re\workspace\8-2-build-windows-amd64-cygwin\jdk8u101\7261\hotspot\src\share\vm\classfile\systemDictionary.cpp, line 210]yÎñYÝ@

Events (10 events):
Event: 30541.128 loading class asLocalRepo129_dvda74wb9u9ovuc3lffgqifp0Customizer
Event: 30541.128 loading class asLocalRepo129_dvda74wb9u9ovuc3lffgqifp0Customizer done
Event: 30541.129 loading class asLocalRepo129_dvda74wb9u9ovuc3lffgqifp0$_run_closure1
Event: 30541.129 loading class asLocalRepo129_dvda74wb9u9ovuc3lffgqifp0$_run_closure1 done
Event: 30541.129 loading class groovy/runtime/metaclass/asLocalRepo129_dvda74wb9u9ovuc3lffgqifp0$_run_closure1MetaClass
Event: 30541.129 loading class groovy/runtime/metaclass/asLocalRepo129_dvda74wb9u9ovuc3lffgqifp0$_run_closure1MetaClass done
Event: 30541.171 Thread 0x0000000055019800 flushing nmethod 0x000000000414ab50
Event: 30541.175 Thread 0x0000000055019800 flushing nmethod 0x0000000004446010
Event: 30541.187 Thread 0x0000000055019800 flushing nmethod 0x000000000474d7d0
Event: 30541.264 Thread 0x0000000055019800 flushing nmethod 0x0000000004bf1350


Dynamic libraries:
0x000000013f860000 - 0x000000013f897000 	C:\Program Files\Java\jdk1.8.0_101\bin\java.exe
0x0000000077ae0000 - 0x0000000077c89000 	C:\Windows\SYSTEM32\ntdll.dll
0x00000000778c0000 - 0x00000000779df000 	C:\Windows\system32\kernel32.dll
0x000007fefdae0000 - 0x000007fefdb4b000 	C:\Windows\system32\KERNELBASE.dll
0x000007feff380000 - 0x000007feff45b000 	C:\Windows\system32\ADVAPI32.dll
0x000007feffcf0000 - 0x000007feffd8f000 	C:\Windows\system32\msvcrt.dll
0x000007feff2e0000 - 0x000007feff2ff000 	C:\Windows\SYSTEM32\sechost.dll
0x000007feff9b0000 - 0x000007feffadd000 	C:\Windows\system32\RPCRT4.dll
0x00000000779e0000 - 0x0000000077ada000 	C:\Windows\system32\USER32.dll
0x000007feff7c0000 - 0x000007feff827000 	C:\Windows\system32\GDI32.dll
0x000007feffd90000 - 0x000007feffd9e000 	C:\Windows\system32\LPK.dll
0x000007feff460000 - 0x000007feff529000 	C:\Windows\system32\USP10.dll
0x000007fefc3e0000 - 0x000007fefc5d4000 	C:\Windows\WinSxS\amd64_microsoft.windows.common-controls_6595b64144ccf1df_6.0.7601.17514_none_fa396087175ac9ac\COMCTL32.dll
0x000007feff300000 - 0x000007feff371000 	C:\Windows\system32\SHLWAPI.dll
0x000007fefeca0000 - 0x000007fefecce000 	C:\Windows\system32\IMM32.DLL
0x000007fefeb90000 - 0x000007fefec99000 	C:\Windows\system32\MSCTF.dll
0x0000000064820000 - 0x00000000648f2000 	C:\Program Files\Java\jdk1.8.0_101\jre\bin\msvcr100.dll
0x000000006a310000 - 0x000000006abaa000 	C:\Program Files\Java\jdk1.8.0_101\jre\bin\server\jvm.dll
0x000007fef8c50000 - 0x000007fef8c59000 	C:\Windows\system32\WSOCK32.dll
0x000007feffda0000 - 0x000007feffded000 	C:\Windows\system32\WS2_32.dll
0x000007feff7b0000 - 0x000007feff7b8000 	C:\Windows\system32\NSI.dll
0x000007fefa530000 - 0x000007fefa56b000 	C:\Windows\system32\WINMM.dll
0x000007fefc9d0000 - 0x000007fefc9dc000 	C:\Windows\system32\VERSION.dll
0x0000000077ca0000 - 0x0000000077ca7000 	C:\Windows\system32\PSAPI.DLL
0x0000000074f90000 - 0x0000000074f9f000 	C:\Program Files\Java\jdk1.8.0_101\jre\bin\verify.dll
0x000000006bbe0000 - 0x000000006bc09000 	C:\Program Files\Java\jdk1.8.0_101\jre\bin\java.dll
0x000000006a2f0000 - 0x000000006a306000 	C:\Program Files\Java\jdk1.8.0_101\jre\bin\zip.dll
0x000007fefde00000 - 0x000007fefeb88000 	C:\Windows\system32\SHELL32.dll
0x000007feffae0000 - 0x000007feffce3000 	C:\Windows\system32\ole32.dll
0x000007fefda30000 - 0x000007fefda3f000 	C:\Windows\system32\profapi.dll
0x000000006a2d0000 - 0x000000006a2ea000 	C:\Program Files\Java\jdk1.8.0_101\jre\bin\net.dll
0x000007fefd260000 - 0x000007fefd2b5000 	C:\Windows\system32\mswsock.dll
0x000007fefd250000 - 0x000007fefd257000 	C:\Windows\System32\wship6.dll
0x000000006a2b0000 - 0x000000006a2c1000 	C:\Program Files\Java\jdk1.8.0_101\jre\bin\nio.dll
0x000007fef9ee0000 - 0x000007fef9ef2000 	C:\Users\db\.gradle\native\19\windows-amd64\native-platform.dll
0x000007fefa1a0000 - 0x000007fefa1c7000 	C:\Windows\system32\IPHLPAPI.DLL
0x000007fefa190000 - 0x000007fefa19b000 	C:\Windows\system32\WINNSI.DLL
0x000007fef9f00000 - 0x000007fef9f11000 	C:\Windows\system32\dhcpcsvc6.DLL
0x000007fef9e60000 - 0x000007fef9e78000 	C:\Windows\system32\dhcpcsvc.DLL
0x000007fefd2c0000 - 0x000007fefd2d7000 	C:\Windows\system32\CRYPTSP.dll
0x000007fefcfc0000 - 0x000007fefd007000 	C:\Windows\system32\rsaenh.dll
0x000007fefcd70000 - 0x000007fefcd8e000 	C:\Windows\system32\USERENV.dll
0x000007fefd960000 - 0x000007fefd96f000 	C:\Windows\system32\CRYPTBASE.dll
0x000007fefd900000 - 0x000007fefd957000 	C:\Windows\system32\apphelp.dll
0x0000000074ef0000 - 0x0000000074efd000 	C:\Program Files\Java\jdk1.8.0_101\jre\bin\management.dll
0x000000006a000000 - 0x000000006a024000 	C:\Program Files\Java\jdk1.8.0_101\jre\bin\sunec.dll
0x000007fefcc60000 - 0x000007fefcc67000 	C:\Windows\System32\wshtcpip.dll
0x000007fefd0e0000 - 0x000007fefd13b000 	C:\Windows\system32\DNSAPI.dll
0x000000006fe50000 - 0x000000006fe76000 	C:\Program Files\Bonjour\mdnsNSP.dll
0x000007fef72d0000 - 0x000007fef72d8000 	C:\Windows\system32\rasadhlp.dll
0x000007fef9f80000 - 0x000007fef9fd3000 	C:\Windows\System32\fwpuclnt.dll
0x0000000069ff0000 - 0x0000000069ffb000 	C:\Program Files\Java\jdk1.8.0_101\jre\bin\sunmscapi.dll
0x000007fefdc50000 - 0x000007fefddb7000 	C:\Windows\system32\CRYPT32.dll
0x000007fefdad0000 - 0x000007fefdadf000 	C:\Windows\system32\MSASN1.dll
0x000007fefa5e0000 - 0x000007fefa5f5000 	C:\Windows\system32\NLAapi.dll
0x000007fef6cd0000 - 0x000007fef6ce5000 	C:\Windows\system32\napinsp.dll
0x000007fef6cb0000 - 0x000007fef6cc9000 	C:\Windows\system32\pnrpnsp.dll
0x000007fef6ca0000 - 0x000007fef6cab000 	C:\Windows\System32\winrnr.dll

VM Arguments:
jvm_args: -XX:MaxPermSize=256m -XX:+HeapDumpOnOutOfMemoryError -Xmx1024m -Dfile.encoding=windows-1252 -Duser.country=US -Duser.language=en -Duser.variant 
java_command: org.gradle.launcher.daemon.bootstrap.GradleDaemon 2.10
java_class_path (initial): C:\Program Files\Android\Android Studio\gradle\gradle-2.10\lib\gradle-launcher-2.10.jar
Launcher Type: SUN_STANDARD

Environment Variables:
PATH=C:\Program Files (x86)\Common Files\Intel\Shared Files\cpp\bin\Intel64;C:\Python27\;C:\Python27\Scripts;C:\ProgramData\Oracle\Java\javapath;c:\OraHome_1\bin;c:\OraHome_1\jre\1.4.2\bin\client;c:\OraHome_1\jre\1.4.2\bin;c:\DevSuiteHome_1\jdk\jre\bin\classic;c:\DevSuiteHome_1\jdk\jre\bin;c:\DevSuiteHome_1\jdk\jre\bin\client;c:\DevSuiteHome_1\jlib;c:\DevSuiteHome_1\bin;c:\DevSuiteHome_1\jre\1.4.2\bin\client;c:\DevSuiteHome_1\jre\1.4.2\bin;C:\Windows\system32;C:\Windows;C:\Windows\System32\Wbem;C:\Windows\System32\WindowsPowerShell\v1.0\;C:\Program Files (x86)\Skype\Phone\;C:\Program Files\Java\jdk1.8.0_101\bin;C:\Users\db\AppData\Local\atom\bin
USERNAME=db
OS=Windows_NT
PROCESSOR_IDENTIFIER=Intel64 Family 6 Model 60 Stepping 3, GenuineIntel



---------------  S Y S T E M  ---------------

OS: Windows 7 , 64 bit Build 7601 (6.1.7601.17514)

CPU:total 4 (2 cores per cpu, 2 threads per core) family 6 model 60 stepping 3, cmov, cx8, fxsr, mmx, sse, sse2, sse3, ssse3, sse4.1, sse4.2, popcnt, avx, avx2, aes, clmul, erms, lzcnt, ht, tsc, tscinvbit, bmi1, bmi2

Memory: 4k page, physical 8256556k(979136k free), swap 9893108k(5084k free)

vm_info: Java HotSpot(TM) 64-Bit Server VM (25.101-b13) for windows-amd64 JRE (1.8.0_101-b13), built on Jun 22 2016 01:21:29 by "java_re" with MS VC++ 10.0 (VS2010)

time: Tue Jan 24 18:10:16 2017
elapsed time: 30541 seconds (0d 8h 29m 1s)

