#
# There is insufficient memory for the Java Runtime Environment to continue.
# Native memory allocation (malloc) failed to allocate 32744 bytes for ChunkPool::allocate
# Possible reasons:
#   The system is out of physical RAM or swap space
#   In 32 bit mode, the process size limit was hit
# Possible solutions:
#   Reduce memory load on the system
#   Increase physical memory or swap space
#   Check if swap backing store is full
#   Use 64 bit Java on a 64 bit OS
#   Decrease Java heap size (-Xmx/-Xms)
#   Decrease number of Java threads
#   Decrease Java thread stack sizes (-Xss)
#   Set larger code cache with -XX:ReservedCodeCacheSize=
# This output file may be truncated or incomplete.
#
#  Out of Memory Error (allocation.cpp:273), pid=5840, tid=0x0000000000001798
#
# JRE version: Java(TM) SE Runtime Environment (8.0_101-b13) (build 1.8.0_101-b13)
# Java VM: Java HotSpot(TM) 64-Bit Server VM (25.101-b13 mixed mode windows-amd64 compressed oops)
# Failed to write core dump. Minidumps are not enabled by default on client versions of Windows
#

---------------  T H R E A D  ---------------

Current thread (0x0000000054eb9800):  JavaThread "C1 CompilerThread2" daemon [_thread_in_native, id=6040, stack(0x0000000056e40000,0x0000000056f40000)]

Stack: [0x0000000056e40000,0x0000000056f40000]
[error occurred during error reporting (printing stack bounds), id 0xc0000005]

Native frames: (J=compiled Java code, j=interpreted, Vv=VM code, C=native code)


Current CompileTask:
C1:7856504 18942   !   3       com.google.common.hash.MessageDigestHashFunction::newHasher (54 bytes)


---------------  P R O C E S S  ---------------

Java Threads: ( => current thread )
  0x000000005bb56800 JavaThread "Run command 'C:\Program Files\Java\jdk1.8.0_101\bin\java.exe'" [_thread_in_native, id=7904, stack(0x0000000062b60000,0x0000000062c60000)]
  0x000000005aa93000 JavaThread "Forward streams with process: command 'C:\Program Files\Java\jdk1.8.0_101\bin\java.exe' Thread 3" [_thread_in_native, id=7144, stack(0x0000000061760000,0x0000000061860000)]
  0x000000005aa92000 JavaThread "Forward streams with process: command 'C:\Program Files\Java\jdk1.8.0_101\bin\java.exe' Thread 2" [_thread_in_native, id=7908, stack(0x0000000063f10000,0x0000000064010000)]
  0x000000005aa91800 JavaThread "Forward streams with process: command 'C:\Program Files\Java\jdk1.8.0_101\bin\java.exe'" [_thread_blocked, id=7712, stack(0x0000000063d00000,0x0000000063e00000)]
  0x000000005bb58000 JavaThread "Run command 'C:\Program Files\Java\jdk1.8.0_101\bin\java.exe'" [_thread_in_native, id=8092, stack(0x00000000638d0000,0x00000000639d0000)]
  0x000000005bb59000 JavaThread "pool-4-thread-4" [_thread_blocked, id=7864, stack(0x0000000063160000,0x0000000063260000)]
  0x000000005bcbb800 JavaThread "pool-4-thread-3" [_thread_in_native, id=7852, stack(0x00000000590f0000,0x00000000591f0000)]
  0x000000005bcbb000 JavaThread "pool-4-thread-2" [_thread_blocked, id=7860, stack(0x00000000607f0000,0x00000000608f0000)]
  0x000000005bcba000 JavaThread "pool-4-thread-1" [_thread_blocked, id=7848, stack(0x00000000600d0000,0x00000000601d0000)]
  0x000000005b5a1000 JavaThread "Daemon worker Thread 8" [_thread_in_vm, id=7692, stack(0x000000005e900000,0x000000005ea00000)]
  0x000000005b59f000 JavaThread "Cancel handler" [_thread_blocked, id=7688, stack(0x0000000059380000,0x0000000059480000)]
  0x000000005b59e000 JavaThread "Handler for socket connection from /127.0.0.1:49493 to /127.0.0.1:62777" [_thread_in_native, id=7684, stack(0x0000000056f40000,0x0000000057040000)]
  0x000000005b59d800 JavaThread "Daemon Thread 8" [_thread_blocked, id=7664, stack(0x0000000059280000,0x0000000059380000)]
  0x000000005bcbe000 JavaThread "pool-3-thread-4" [_thread_blocked, id=6984, stack(0x0000000061660000,0x0000000061760000)]
  0x000000005bcc0000 JavaThread "pool-3-thread-3" [_thread_in_native, id=4604, stack(0x00000000612a0000,0x00000000613a0000)]
  0x000000005bcbe800 JavaThread "pool-3-thread-2" [_thread_blocked, id=6152, stack(0x00000000609b0000,0x0000000060ab0000)]
  0x000000005bcc1000 JavaThread "pool-3-thread-1" [_thread_blocked, id=6244, stack(0x00000000610e0000,0x00000000611e0000)]
  0x0000000058dda800 JavaThread "File lock request listener" [_thread_in_native, id=4464, stack(0x000000005abd0000,0x000000005acd0000)]
  0x0000000058638800 JavaThread "Incoming local TCP Connector on port 49493" [_thread_in_native, id=5644, stack(0x0000000057b80000,0x0000000057c80000)]
  0x00000000568e0800 JavaThread "Service Thread" daemon [_thread_blocked, id=3136, stack(0x0000000057070000,0x0000000057170000)]
=>0x0000000054eb9800 JavaThread "C1 CompilerThread2" daemon [_thread_in_native, id=6040, stack(0x0000000056e40000,0x0000000056f40000)]
  0x00000000568d4800 JavaThread "C2 CompilerThread1" daemon [_thread_blocked, id=5632, stack(0x0000000056690000,0x0000000056790000)]
  0x0000000054eb2800 JavaThread "C2 CompilerThread0" daemon [_thread_blocked, id=5696, stack(0x00000000567d0000,0x00000000568d0000)]
  0x0000000054eaf000 JavaThread "Attach Listener" daemon [_thread_blocked, id=6060, stack(0x0000000056560000,0x0000000056660000)]
  0x0000000054ebf800 JavaThread "Signal Dispatcher" daemon [_thread_blocked, id=5804, stack(0x00000000563f0000,0x00000000564f0000)]
  0x0000000054e9a000 JavaThread "Finalizer" daemon [_thread_blocked, id=1948, stack(0x00000000562c0000,0x00000000563c0000)]
  0x0000000054e53000 JavaThread "Reference Handler" daemon [_thread_blocked, id=908, stack(0x0000000056160000,0x0000000056260000)]
  0x00000000020af000 JavaThread "main" [_thread_blocked, id=996, stack(0x0000000002330000,0x0000000002430000)]

Other Threads:
  0x0000000054e4b800 VMThread [stack: 0x0000000055f40000,0x0000000056040000] [id=5768]
  0x00000000568e5800 WatcherThread [stack: 0x0000000057200000,0x0000000057300000] [id=5680]

VM state:not at safepoint (normal execution)

VM Mutex/Monitor currently owned by a thread: None

Heap:
 PSYoungGen      total 320000K, used 294856K [0x00000000eab00000, 0x0000000100000000, 0x0000000100000000)
  eden space 300032K, 91% used [0x00000000eab00000,0x00000000fb7ac988,0x00000000fd000000)
  from space 19968K, 98% used [0x00000000fd000000,0x00000000fe3459a0,0x00000000fe380000)
  to   space 26624K, 0% used [0x00000000fe600000,0x00000000fe600000,0x0000000100000000)
 ParOldGen       total 91136K, used 43745K [0x00000000c0000000, 0x00000000c5900000, 0x00000000eab00000)
  object space 91136K, 48% used [0x00000000c0000000,0x00000000c2ab86e0,0x00000000c5900000)
 Metaspace       used 69582K, capacity 73018K, committed 73472K, reserved 1114112K
  class space    used 8921K, capacity 9542K, committed 9728K, reserved 1048576K

Card table byte_map: [0x0000000011ac0000,0x0000000011cd0000] byte_map_base: 0x00000000114c0000

Marking Bits: (ParMarkBitMap*) 0x000000006ebaa6d0
 Begin Bits: [0x00000000122c0000, 0x00000000132c0000)
 End Bits:   [0x00000000132c0000, 0x00000000142c0000)

Polling page: 0x0000000000440000

CodeCache: size=245760Kb used=57273Kb max_used=57282Kb free=188486Kb
 bounds [0x0000000002700000, 0x0000000005f40000, 0x0000000011700000]
 total_blobs=15359 nmethods=14577 adapters=692
 compilation: enabled

Compilation events (10 events):
Event: 7854.647 Thread 0x0000000054eb9800 nmethod 18937 0x0000000005f2a350 code [0x0000000005f2a4a0, 0x0000000005f2a750]
Event: 7855.021 Thread 0x0000000054eb9800 18938       3       java.lang.Thread::<init> (69 bytes)
Event: 7855.022 Thread 0x0000000054eb9800 nmethod 18938 0x0000000005f29190 code [0x0000000005f29380, 0x0000000005f29e58]
Event: 7855.023 Thread 0x0000000054eb9800 18939  s    3       java.lang.Thread::setName (25 bytes)
Event: 7855.024 Thread 0x0000000054eb9800 nmethod 18939 0x0000000005f28590 code [0x0000000005f28740, 0x0000000005f28ec8]
Event: 7855.068 Thread 0x0000000054eb9800 18940       1       org.gradle.internal.concurrent.DefaultExecutorFactory::access$000 (5 bytes)
Event: 7855.068 Thread 0x0000000054eb9800 nmethod 18940 0x0000000005f0d2d0 code [0x0000000005f0d420, 0x0000000005f0d510]
Event: 7855.150 Thread 0x0000000054eb9800 18941       3       java.util.regex.Pattern$Ques::match (192 bytes)
Event: 7855.152 Thread 0x0000000054eb9800 nmethod 18941 0x0000000003253090 code [0x00000000032532c0, 0x0000000003253f38]
Event: 7855.250 Thread 0x0000000054eb9800 18942   !   3       com.google.common.hash.MessageDigestHashFunction::newHasher (54 bytes)

GC Heap History (10 events):
Event: 2380.271 GC heap before
{Heap before GC invocations=33 (full 8):
 PSYoungGen      total 321024K, used 87403K [0x00000000eab00000, 0x0000000100000000, 0x0000000100000000)
  eden space 299008K, 23% used [0x00000000eab00000,0x00000000eefa17e8,0x00000000fcf00000)
  from space 22016K, 77% used [0x00000000fea80000,0x00000000ffb39680,0x0000000100000000)
  to   space 25088K, 0% used [0x00000000fcf00000,0x00000000fcf00000,0x00000000fe780000)
 ParOldGen       total 91136K, used 41188K [0x00000000c0000000, 0x00000000c5900000, 0x00000000eab00000)
  object space 91136K, 45% used [0x00000000c0000000,0x00000000c2839258,0x00000000c5900000)
 Metaspace       used 68884K, capacity 72042K, committed 72960K, reserved 1112064K
  class space    used 8858K, capacity 9446K, committed 9728K, reserved 1048576K
Event: 2380.292 GC heap after
Heap after GC invocations=33 (full 8):
 PSYoungGen      total 324096K, used 9635K [0x00000000eab00000, 0x0000000100000000, 0x0000000100000000)
  eden space 299008K, 0% used [0x00000000eab00000,0x00000000eab00000,0x00000000fcf00000)
  from space 25088K, 38% used [0x00000000fcf00000,0x00000000fd868e00,0x00000000fe780000)
  to   space 24064K, 0% used [0x00000000fe880000,0x00000000fe880000,0x0000000100000000)
 ParOldGen       total 91136K, used 41196K [0x00000000c0000000, 0x00000000c5900000, 0x00000000eab00000)
  object space 91136K, 45% used [0x00000000c0000000,0x00000000c283b258,0x00000000c5900000)
 Metaspace       used 68884K, capacity 72042K, committed 72960K, reserved 1112064K
  class space    used 8858K, capacity 9446K, committed 9728K, reserved 1048576K
}
Event: 2380.292 GC heap before
{Heap before GC invocations=34 (full 9):
 PSYoungGen      total 324096K, used 9635K [0x00000000eab00000, 0x0000000100000000, 0x0000000100000000)
  eden space 299008K, 0% used [0x00000000eab00000,0x00000000eab00000,0x00000000fcf00000)
  from space 25088K, 38% used [0x00000000fcf00000,0x00000000fd868e00,0x00000000fe780000)
  to   space 24064K, 0% used [0x00000000fe880000,0x00000000fe880000,0x0000000100000000)
 ParOldGen       total 91136K, used 41196K [0x00000000c0000000, 0x00000000c5900000, 0x00000000eab00000)
  object space 91136K, 45% used [0x00000000c0000000,0x00000000c283b258,0x00000000c5900000)
 Metaspace       used 68884K, capacity 72042K, committed 72960K, reserved 1112064K
  class space    used 8858K, capacity 9446K, committed 9728K, reserved 1048576K
Event: 2380.654 GC heap after
Heap after GC invocations=34 (full 9):
 PSYoungGen      total 324096K, used 0K [0x00000000eab00000, 0x0000000100000000, 0x0000000100000000)
  eden space 299008K, 0% used [0x00000000eab00000,0x00000000eab00000,0x00000000fcf00000)
  from space 25088K, 0% used [0x00000000fcf00000,0x00000000fcf00000,0x00000000fe780000)
  to   space 24064K, 0% used [0x00000000fe880000,0x00000000fe880000,0x0000000100000000)
 ParOldGen       total 91136K, used 43733K [0x00000000c0000000, 0x00000000c5900000, 0x00000000eab00000)
  object space 91136K, 47% used [0x00000000c0000000,0x00000000c2ab57d8,0x00000000c5900000)
 Metaspace       used 68873K, capacity 72028K, committed 72960K, reserved 1112064K
  class space    used 8856K, capacity 9444K, committed 9728K, reserved 1048576K
}
Event: 2528.112 GC heap before
{Heap before GC invocations=35 (full 9):
 PSYoungGen      total 324096K, used 91444K [0x00000000eab00000, 0x0000000100000000, 0x0000000100000000)
  eden space 299008K, 30% used [0x00000000eab00000,0x00000000f044d3d8,0x00000000fcf00000)
  from space 25088K, 0% used [0x00000000fcf00000,0x00000000fcf00000,0x00000000fe780000)
  to   space 24064K, 0% used [0x00000000fe880000,0x00000000fe880000,0x0000000100000000)
 ParOldGen       total 91136K, used 43733K [0x00000000c0000000, 0x00000000c5900000, 0x00000000eab00000)
  object space 91136K, 47% used [0x00000000c0000000,0x00000000c2ab57d8,0x00000000c5900000)
 Metaspace       used 69002K, capacity 72170K, committed 72960K, reserved 1112064K
  class space    used 8869K, capacity 9461K, committed 9728K, reserved 1048576K
Event: 2528.118 GC heap after
Heap after GC invocations=35 (full 9):
 PSYoungGen      total 324096K, used 1040K [0x00000000eab00000, 0x0000000100000000, 0x0000000100000000)
  eden space 300032K, 0% used [0x00000000eab00000,0x00000000eab00000,0x00000000fd000000)
  from space 24064K, 4% used [0x00000000fe880000,0x00000000fe984010,0x0000000100000000)
  to   space 24576K, 0% used [0x00000000fd000000,0x00000000fd000000,0x00000000fe800000)
 ParOldGen       total 91136K, used 43741K [0x00000000c0000000, 0x00000000c5900000, 0x00000000eab00000)
  object space 91136K, 47% used [0x00000000c0000000,0x00000000c2ab77d8,0x00000000c5900000)
 Metaspace       used 69002K, capacity 72170K, committed 72960K, reserved 1112064K
  class space    used 8869K, capacity 9461K, committed 9728K, reserved 1048576K
}
Event: 2528.118 GC heap before
{Heap before GC invocations=36 (full 10):
 PSYoungGen      total 324096K, used 1040K [0x00000000eab00000, 0x0000000100000000, 0x0000000100000000)
  eden space 300032K, 0% used [0x00000000eab00000,0x00000000eab00000,0x00000000fd000000)
  from space 24064K, 4% used [0x00000000fe880000,0x00000000fe984010,0x0000000100000000)
  to   space 24576K, 0% used [0x00000000fd000000,0x00000000fd000000,0x00000000fe800000)
 ParOldGen       total 91136K, used 43741K [0x00000000c0000000, 0x00000000c5900000, 0x00000000eab00000)
  object space 91136K, 47% used [0x00000000c0000000,0x00000000c2ab77d8,0x00000000c5900000)
 Metaspace       used 69002K, capacity 72170K, committed 72960K, reserved 1112064K
  class space    used 8869K, capacity 9461K, committed 9728K, reserved 1048576K
Event: 2528.415 GC heap after
Heap after GC invocations=36 (full 10):
 PSYoungGen      total 324096K, used 0K [0x00000000eab00000, 0x0000000100000000, 0x0000000100000000)
  eden space 300032K, 0% used [0x00000000eab00000,0x00000000eab00000,0x00000000fd000000)
  from space 24064K, 0% used [0x00000000fe880000,0x00000000fe880000,0x0000000100000000)
  to   space 24576K, 0% used [0x00000000fd000000,0x00000000fd000000,0x00000000fe800000)
 ParOldGen       total 91136K, used 43737K [0x00000000c0000000, 0x00000000c5900000, 0x00000000eab00000)
  object space 91136K, 47% used [0x00000000c0000000,0x00000000c2ab66e0,0x00000000c5900000)
 Metaspace       used 69002K, capacity 72170K, committed 72960K, reserved 1112064K
  class space    used 8869K, capacity 9461K, committed 9728K, reserved 1048576K
}
Event: 7837.619 GC heap before
{Heap before GC invocations=37 (full 10):
 PSYoungGen      total 324096K, used 300032K [0x00000000eab00000, 0x0000000100000000, 0x0000000100000000)
  eden space 300032K, 100% used [0x00000000eab00000,0x00000000fd000000,0x00000000fd000000)
  from space 24064K, 0% used [0x00000000fe880000,0x00000000fe880000,0x0000000100000000)
  to   space 24576K, 0% used [0x00000000fd000000,0x00000000fd000000,0x00000000fe800000)
 ParOldGen       total 91136K, used 43737K [0x00000000c0000000, 0x00000000c5900000, 0x00000000eab00000)
  object space 91136K, 47% used [0x00000000c0000000,0x00000000c2ab66e0,0x00000000c5900000)
 Metaspace       used 69435K, capacity 72916K, committed 73472K, reserved 1114112K
  class space    used 8915K, capacity 9536K, committed 9728K, reserved 1048576K
Event: 7841.484 GC heap after
Heap after GC invocations=37 (full 10):
 PSYoungGen      total 320000K, used 19734K [0x00000000eab00000, 0x0000000100000000, 0x0000000100000000)
  eden space 300032K, 0% used [0x00000000eab00000,0x00000000eab00000,0x00000000fd000000)
  from space 19968K, 98% used [0x00000000fd000000,0x00000000fe3459a0,0x00000000fe380000)
  to   space 26624K, 0% used [0x00000000fe600000,0x00000000fe600000,0x0000000100000000)
 ParOldGen       total 91136K, used 43745K [0x00000000c0000000, 0x00000000c5900000, 0x00000000eab00000)
  object space 91136K, 48% used [0x00000000c0000000,0x00000000c2ab86e0,0x00000000c5900000)
 Metaspace       used 69435K, capacity 72916K, committed 73472K, reserved 1114112K
  class space    used 8915K, capacity 9536K, committed 9728K, reserved 1048576K
}

Deoptimization events (10 events):
Event: 7832.702 Thread 0x000000005b5a1000 Uncommon trap: reason=unstable_if action=reinterpret pc=0x0000000005c396a0 method=com.sun.tools.javac.comp.Resolve.findGlobalType(Lcom/sun/tools/javac/comp/Env;Lcom/sun/tools/javac/code/Scope;Lcom/sun/tools/javac/util/Name;)Lcom/sun/tools/javac/code/Symbol
Event: 7836.576 Thread 0x000000005b5a1000 Uncommon trap: reason=unstable_if action=reinterpret pc=0x000000000533d99c method=com.sun.tools.javac.code.Types.rank(Lcom/sun/tools/javac/code/Type;)I @ 88
Event: 7837.129 Thread 0x000000005b5a1000 Uncommon trap: reason=unstable_if action=reinterpret pc=0x00000000058c0d68 method=com.sun.tools.javac.code.Lint$AugmentVisitor.initSyms()V @ 4
Event: 7844.570 Thread 0x000000005b5a1000 Uncommon trap: reason=bimorphic action=maybe_recompile pc=0x0000000005495748 method=com.sun.tools.javac.code.Types$SameTypeVisitor.visitClassType(Lcom/sun/tools/javac/code/Type$ClassType;Lcom/sun/tools/javac/code/Type;)Ljava/lang/Boolean; @ 95
Event: 7844.683 Thread 0x000000005b5a1000 Uncommon trap: reason=unstable_if action=reinterpret pc=0x0000000005db8da8 method=com.sun.tools.javac.comp.Attr.visitSelect(Lcom/sun/tools/javac/tree/JCTree$JCFieldAccess;)V @ 1028
Event: 7844.904 Thread 0x000000005b5a1000 Uncommon trap: reason=class_check action=maybe_recompile pc=0x0000000004efd6ec method=org.gradle.cache.internal.DefaultCacheAccess.onStartWork()Z @ 120
Event: 7845.407 Thread 0x000000005b5a1000 Uncommon trap: reason=class_check action=maybe_recompile pc=0x0000000004efd6ec method=org.gradle.cache.internal.DefaultCacheAccess.onStartWork()Z @ 120
Event: 7845.796 Thread 0x000000005b5a1000 Uncommon trap: reason=bimorphic action=maybe_recompile pc=0x0000000002b8d878 method=com.sun.org.apache.xerces.internal.dom.ElementImpl.getAttributes()Lorg/w3c/dom/NamedNodeMap; @ 8
Event: 7848.217 Thread 0x000000005b5a1000 Uncommon trap: reason=unstable_if action=reinterpret pc=0x0000000005117434 method=org.objectweb.asm.commons.LocalVariablesSorter.remap(ILorg/objectweb/asm/Type;)I @ 36
Event: 7853.294 Thread 0x000000005b5a1000 Uncommon trap: reason=speculate_class_check action=maybe_recompile pc=0x0000000003bee3f8 method=com.sun.org.apache.xerces.internal.dom.ParentNode.getChildNodes()Lorg/w3c/dom/NodeList; @ 8

Internal exceptions (10 events):
Event: 2380.211 Thread 0x000000005b59f000 Exception <a 'java/io/FileNotFoundException'> (0x00000000eec6db90) thrown at [C:\re\workspace\8-2-build-windows-amd64-cygwin\jdk8u101\7261\hotspot\src\share\vm\prims\jni.cpp, line 709]
Event: 2380.214 Thread 0x000000005b59f000 Exception <a 'java/io/FileNotFoundException'> (0x00000000eec720b0) thrown at [C:\re\workspace\8-2-build-windows-amd64-cygwin\jdk8u101\7261\hotspot\src\share\vm\prims\jni.cpp, line 709]
Event: 2380.214 Thread 0x000000005b59f000 Exception <a 'java/io/FileNotFoundException'> (0x00000000eec73310) thrown at [C:\re\workspace\8-2-build-windows-amd64-cygwin\jdk8u101\7261\hotspot\src\share\vm\prims\jni.cpp, line 709]
Event: 2527.340 Thread 0x000000005b59e000 Exception <a 'java/lang/ClassNotFoundException': asLocalRepo12_1qezcthzevcj89vycu2nbeua6BeanInfo> (0x00000000eb28d998) thrown at [C:\re\workspace\8-2-build-windows-amd64-cygwin\jdk8u101\7261\hotspot\src\share\vm\classfile\systemDictionary.cpp, line 210]
Event: 2527.340 Thread 0x000000005b59e000 Exception <a 'java/lang/ClassNotFoundException': asLocalRepo12_1qezcthzevcj89vycu2nbeua6Customizer> (0x00000000eb296c38) thrown at [C:\re\workspace\8-2-build-windows-amd64-cygwin\jdk8u101\7261\hotspot\src\share\vm\classfile\systemDictionary.cpp, line 210]
Event: 7763.446 Thread 0x000000005b5a1000 Exception <a 'java/lang/ClassNotFoundException': asLocalRepo13_83ag3v5m0abnuthyzjk0k42i1BeanInfo> (0x00000000eb083e08) thrown at [C:\re\workspace\8-2-build-windows-amd64-cygwin\jdk8u101\7261\hotspot\src\share\vm\classfile\systemDictionary.cpp, line 210]
Event: 7763.446 Thread 0x000000005b5a1000 Exception <a 'java/lang/ClassNotFoundException': asLocalRepo13_83ag3v5m0abnuthyzjk0k42i1Customizer> (0x00000000eb08d0a8) thrown at [C:\re\workspace\8-2-build-windows-amd64-cygwin\jdk8u101\7261\hotspot\src\share\vm\classfile\systemDictionary.cpp, line 210]
Event: 7806.059 Thread 0x000000005b5a1000 Implicit null exception at 0x0000000004fe33cf to 0x0000000004fe3eed
Event: 7830.452 Thread 0x000000005b5a1000 Implicit null exception at 0x0000000005b8d8c8 to 0x0000000005b8d8fe
Event: 7855.250 Thread 0x000000005b5a1000 Exception <a 'java/lang/reflect/InvocationTargetException'> (0x00000000fa9c5940) thrown at [C:\re\workspace\8-2-build-windows-amd64-cygwin\jdk8u101\7261\hotspot\src\share\vm\runtime\reflection.cpp, line 1092]

Events (10 events):
Event: 7855.070 Executing VM operation: RevokeBias
Event: 7855.072 Executing VM operation: RevokeBias done
Event: 7855.072 Thread 0x000000005bb56800 Thread exited: 0x000000005bb56800
Event: 7855.150 loading class com/android/build/gradle/internal/ExtraModelInfo$1
Event: 7855.150 loading class com/android/build/gradle/internal/ExtraModelInfo$1 done
Event: 7855.153 Thread 0x0000000054eb9800 flushing nmethod 0x00000000035d0c50
Event: 7855.248 Executing VM operation: RevokeBias
Event: 7855.248 Executing VM operation: RevokeBias done
Event: 7855.249 loading class com/google/gson/internal/Streams
Event: 7855.249 loading class com/google/gson/internal/Streams done


Dynamic libraries:
0x000000013f9d0000 - 0x000000013fa07000 	C:\Program Files\Java\jdk1.8.0_101\bin\java.exe
0x00000000774b0000 - 0x0000000077659000 	C:\Windows\SYSTEM32\ntdll.dll
0x0000000077290000 - 0x00000000773af000 	C:\Windows\system32\kernel32.dll
0x000007fefd700000 - 0x000007fefd76b000 	C:\Windows\system32\KERNELBASE.dll
0x000007fefe3b0000 - 0x000007fefe48b000 	C:\Windows\system32\ADVAPI32.dll
0x000007fefd7d0000 - 0x000007fefd86f000 	C:\Windows\system32\msvcrt.dll
0x000007fefd870000 - 0x000007fefd88f000 	C:\Windows\SYSTEM32\sechost.dll
0x000007fefdba0000 - 0x000007fefdccd000 	C:\Windows\system32\RPCRT4.dll
0x00000000773b0000 - 0x00000000774aa000 	C:\Windows\system32\USER32.dll
0x000007feff750000 - 0x000007feff7b7000 	C:\Windows\system32\GDI32.dll
0x000007fefe270000 - 0x000007fefe27e000 	C:\Windows\system32\LPK.dll
0x000007fefd9b0000 - 0x000007fefda79000 	C:\Windows\system32\USP10.dll
0x000007fefbdb0000 - 0x000007fefbfa4000 	C:\Windows\WinSxS\amd64_microsoft.windows.common-controls_6595b64144ccf1df_6.0.7601.17514_none_fa396087175ac9ac\COMCTL32.dll
0x000007fefd890000 - 0x000007fefd901000 	C:\Windows\system32\SHLWAPI.dll
0x000007feff720000 - 0x000007feff74e000 	C:\Windows\system32\IMM32.DLL
0x000007fefdcf0000 - 0x000007fefddf9000 	C:\Windows\system32\MSCTF.dll
0x0000000070f40000 - 0x0000000071012000 	C:\Program Files\Java\jdk1.8.0_101\jre\bin\msvcr100.dll
0x000000006e390000 - 0x000000006ec2a000 	C:\Program Files\Java\jdk1.8.0_101\jre\bin\server\jvm.dll
0x000007fef85d0000 - 0x000007fef85d9000 	C:\Windows\system32\WSOCK32.dll
0x000007fefe280000 - 0x000007fefe2cd000 	C:\Windows\system32\WS2_32.dll
0x000007feff5e0000 - 0x000007feff5e8000 	C:\Windows\system32\NSI.dll
0x000007fefae10000 - 0x000007fefae4b000 	C:\Windows\system32\WINMM.dll
0x000007fefc560000 - 0x000007fefc56c000 	C:\Windows\system32\VERSION.dll
0x0000000077680000 - 0x0000000077687000 	C:\Windows\system32\PSAPI.DLL
0x0000000071500000 - 0x000000007150f000 	C:\Program Files\Java\jdk1.8.0_101\jre\bin\verify.dll
0x00000000714d0000 - 0x00000000714f9000 	C:\Program Files\Java\jdk1.8.0_101\jre\bin\java.dll
0x00000000714b0000 - 0x00000000714c6000 	C:\Program Files\Java\jdk1.8.0_101\jre\bin\zip.dll
0x000007fefe670000 - 0x000007feff3f8000 	C:\Windows\system32\SHELL32.dll
0x000007fefde00000 - 0x000007fefe003000 	C:\Windows\system32\ole32.dll
0x000007fefd400000 - 0x000007fefd40f000 	C:\Windows\system32\profapi.dll
0x0000000071490000 - 0x00000000714aa000 	C:\Program Files\Java\jdk1.8.0_101\jre\bin\net.dll
0x000007fefcc30000 - 0x000007fefcc85000 	C:\Windows\system32\mswsock.dll
0x000007fefcc20000 - 0x000007fefcc27000 	C:\Windows\System32\wship6.dll
0x0000000071470000 - 0x0000000071481000 	C:\Program Files\Java\jdk1.8.0_101\jre\bin\nio.dll
0x000007fefbd90000 - 0x000007fefbda2000 	C:\Users\db\.gradle\native\19\windows-amd64\native-platform.dll
0x000007fef9bb0000 - 0x000007fef9bd7000 	C:\Windows\system32\IPHLPAPI.DLL
0x000007fef9ba0000 - 0x000007fef9bab000 	C:\Windows\system32\WINNSI.DLL
0x000007fef99a0000 - 0x000007fef99b1000 	C:\Windows\system32\dhcpcsvc6.DLL
0x000007fef9980000 - 0x000007fef9998000 	C:\Windows\system32\dhcpcsvc.DLL
0x000007fefcc90000 - 0x000007fefcca7000 	C:\Windows\system32\CRYPTSP.dll
0x000007fefc990000 - 0x000007fefc9d7000 	C:\Windows\system32\rsaenh.dll
0x000007fefc750000 - 0x000007fefc76e000 	C:\Windows\system32\USERENV.dll
0x000007fefd330000 - 0x000007fefd33f000 	C:\Windows\system32\CRYPTBASE.dll
0x000007fefd2d0000 - 0x000007fefd327000 	C:\Windows\system32\apphelp.dll
0x0000000071410000 - 0x000000007141d000 	C:\Program Files\Java\jdk1.8.0_101\jre\bin\management.dll
0x0000000071390000 - 0x00000000713b4000 	C:\Program Files\Java\jdk1.8.0_101\jre\bin\sunec.dll
0x000007fefc630000 - 0x000007fefc637000 	C:\Windows\System32\wshtcpip.dll
0x000007fefcab0000 - 0x000007fefcb0b000 	C:\Windows\system32\DNSAPI.dll
0x0000000071ae0000 - 0x0000000071b06000 	C:\Program Files\Bonjour\mdnsNSP.dll
0x000007fef6e30000 - 0x000007fef6e38000 	C:\Windows\system32\rasadhlp.dll
0x000007fef9a60000 - 0x000007fef9ab3000 	C:\Windows\System32\fwpuclnt.dll
0x0000000070e60000 - 0x0000000070e6b000 	C:\Program Files\Java\jdk1.8.0_101\jre\bin\sunmscapi.dll
0x000007fefd4b0000 - 0x000007fefd617000 	C:\Windows\system32\CRYPT32.dll
0x000007fefd4a0000 - 0x000007fefd4af000 	C:\Windows\system32\MSASN1.dll
0x000007fefabd0000 - 0x000007fefabe5000 	C:\Windows\system32\NLAapi.dll
0x000007fef6020000 - 0x000007fef6035000 	C:\Windows\system32\napinsp.dll
0x000007fef6000000 - 0x000007fef6019000 	C:\Windows\system32\pnrpnsp.dll
0x000007fef5ff0000 - 0x000007fef5ffb000 	C:\Windows\System32\winrnr.dll

VM Arguments:
jvm_args: -XX:MaxPermSize=256m -XX:+HeapDumpOnOutOfMemoryError -Xmx1024m -Dfile.encoding=windows-1252 -Duser.country=US -Duser.language=en -Duser.variant 
java_command: org.gradle.launcher.daemon.bootstrap.GradleDaemon 2.10
java_class_path (initial): C:\Program Files\Android\Android Studio\gradle\gradle-2.10\lib\gradle-launcher-2.10.jar
Launcher Type: SUN_STANDARD

Environment Variables:
PATH=C:\Program Files (x86)\Common Files\Intel\Shared Files\cpp\bin\Intel64;C:\Python27\;C:\Python27\Scripts;C:\ProgramData\Oracle\Java\javapath;c:\OraHome_1\bin;c:\OraHome_1\jre\1.4.2\bin\client;c:\OraHome_1\jre\1.4.2\bin;c:\DevSuiteHome_1\jdk\jre\bin\classic;c:\DevSuiteHome_1\jdk\jre\bin;c:\DevSuiteHome_1\jdk\jre\bin\client;c:\DevSuiteHome_1\jlib;c:\DevSuiteHome_1\bin;c:\DevSuiteHome_1\jre\1.4.2\bin\client;c:\DevSuiteHome_1\jre\1.4.2\bin;C:\Windows\system32;C:\Windows;C:\Windows\System32\Wbem;C:\Windows\System32\WindowsPowerShell\v1.0\;C:\Program Files (x86)\Skype\Phone\;C:\Program Files\Java\jdk1.8.0_101\bin;C:\Users\db\AppData\Local\atom\bin
USERNAME=db
OS=Windows_NT
PROCESSOR_IDENTIFIER=Intel64 Family 6 Model 60 Stepping 3, GenuineIntel



---------------  S Y S T E M  ---------------

OS: Windows 7 , 64 bit Build 7601 (6.1.7601.17514)

CPU:total 4 (2 cores per cpu, 2 threads per core) family 6 model 60 stepping 3, cmov, cx8, fxsr, mmx, sse, sse2, sse3, ssse3, sse4.1, sse4.2, popcnt, avx, avx2, aes, clmul, erms, lzcnt, ht, tsc, tscinvbit, bmi1, bmi2

Memory: 4k page, physical 8256556k(1017920k free), swap 9893108k(4900k free)

vm_info: Java HotSpot(TM) 64-Bit Server VM (25.101-b13) for windows-amd64 JRE (1.8.0_101-b13), built on Jun 22 2016 01:21:29 by "java_re" with MS VC++ 10.0 (VS2010)

time: Wed Mar 08 13:17:29 2017
elapsed time: 7855 seconds (0d 2h 10m 55s)

