JvmtiExport can_access_local_variables 0
JvmtiExport can_hotswap_or_post_breakpoint 0
JvmtiExport can_post_on_exceptions 0
# 313 ciObject found
instanceKlass org/json/JSONObject
instanceKlass com/android/builder/model/LintOptions
instanceKlass com/android/builder/model/JavaCompileOptions
instanceKlass com/android/builder/model/AaptOptions
instanceKlass com/android/builder/model/ProductFlavorContainer
instanceKlass org/gradle/tooling/model/gradle/GradleScript
instanceKlass org/jetbrains/plugins/gradle/tooling/internal/IdeaContentRootImpl
instanceKlass org/jetbrains/plugins/gradle/model/ExtIdeaContentRoot
instanceKlass org/jetbrains/plugins/gradle/tooling/internal/IdeaCompilerOutputImpl
instanceKlass org/jetbrains/plugins/gradle/tooling/internal/ModuleExtendedModelImpl
instanceKlass org/jetbrains/plugins/gradle/model/DefaultExternalPlugin
instanceKlass org/jetbrains/plugins/gradle/model/DefaultExternalTask
instanceKlass org/jetbrains/plugins/gradle/model/DefaultExternalProject
instanceKlass org/gradle/tooling/model/gradle/BasicGradleProject
instanceKlass org/jetbrains/plugins/gradle/tooling/internal/ClasspathEntryModelImpl
instanceKlass org/jetbrains/plugins/gradle/tooling/internal/BuildScriptClasspathModelImpl
instanceKlass org/jetbrains/plugins/gradle/tooling/util/VersionMatcher
instanceKlass org/jetbrains/plugins/gradle/tooling/annotation/TargetVersions
instanceKlass org/gradle/tooling/model/internal/Exceptions
instanceKlass org/gradle/tooling/model/idea/IdeaCompilerOutput
instanceKlass org/gradle/tooling/internal/adapter/MethodInvocation
instanceKlass org/gradle/tooling/model/idea/IdeaLanguageLevel
instanceKlass org/gradle/tooling/internal/adapter/ProtocolToModelAdapter$ReflectionMethodInvoker
instanceKlass org/gradle/tooling/internal/adapter/ProtocolToModelAdapter$ChainedMethodInvoker
instanceKlass org/gradle/tooling/internal/adapter/ProtocolToModelAdapter$AdaptingMethodInvoker
instanceKlass org/gradle/tooling/internal/adapter/ProtocolToModelAdapter$PropertyCachingMethodInvoker
instanceKlass org/gradle/tooling/internal/adapter/ProtocolToModelAdapter$SafeMethodInvoker
instanceKlass org/gradle/tooling/internal/adapter/ProtocolToModelAdapter$SupportedPropertyInvoker
instanceKlass org/gradle/tooling/internal/adapter/ProtocolToModelAdapter$InvocationHandlerImpl
instanceKlass org/gradle/tooling/internal/adapter/ProtocolToModelAdapter$DefaultSourceObjectMapping
instanceKlass org/gradle/tooling/internal/adapter/SourceObjectMapping
instanceKlass org/jetbrains/plugins/gradle/model/ExternalProject
instanceKlass org/jetbrains/plugins/gradle/model/ExternalSourceSet
instanceKlass org/jetbrains/plugins/gradle/model/ExternalPlugin
instanceKlass org/jetbrains/plugins/gradle/model/ExternalTask
instanceKlass org/jetbrains/plugins/gradle/tooling/builder/TasksFactory
instanceKlass org/jetbrains/plugins/gradle/tooling/builder/ExternalProjectBuilderImpl
instanceKlass org/jetbrains/plugins/gradle/model/scala/ScalaModel
instanceKlass org/jetbrains/plugins/gradle/tooling/builder/ScalaModelBuilderImpl
instanceKlass org/jetbrains/plugins/gradle/model/BuildScriptClasspathModel
instanceKlass org/jetbrains/plugins/gradle/model/ClasspathEntryModel
instanceKlass org/jetbrains/plugins/gradle/tooling/builder/ModelBuildScriptClasspathBuilderImpl
instanceKlass org/jetbrains/plugins/gradle/model/ModuleExtendedModel
instanceKlass org/jetbrains/plugins/gradle/model/ExtIdeaCompilerOutput
instanceKlass org/jetbrains/plugins/gradle/tooling/builder/ModuleExtendedModelBuilderImpl
instanceKlass org/jetbrains/plugins/gradle/model/web/WebConfiguration$WarModel
instanceKlass org/jetbrains/plugins/gradle/model/web/WebConfiguration
instanceKlass org/jetbrains/plugins/gradle/tooling/builder/WarModelBuilderImpl
instanceKlass org/gradle/tooling/internal/consumer/versioning/ModelMapping$DefaultModelIdentifier
instanceKlass com/google/common/base/Objects
instanceKlass org/gradle/tooling/model/internal/outcomes/ProjectOutcomes
instanceKlass org/gradle/tooling/model/build/BuildEnvironment
instanceKlass org/gradle/tooling/model/idea/BasicIdeaProject
instanceKlass org/gradle/tooling/model/GradleProject
instanceKlass org/gradle/tooling/model/BuildableElement
instanceKlass org/gradle/tooling/model/idea/IdeaProject
instanceKlass org/gradle/tooling/model/eclipse/EclipseProject
instanceKlass org/gradle/tooling/model/eclipse/HierarchicalEclipseProject
instanceKlass com/google/common/collect/AbstractMapEntry
instanceKlass com/google/common/collect/Hashing
instanceKlass com/google/common/collect/CollectPreconditions
instanceKlass com/google/common/collect/BiMap
instanceKlass org/gradle/tooling/internal/consumer/versioning/ModelMapping
instanceKlass org/gradle/tooling/internal/consumer/connection/BuildControllerAdapter
instanceKlass org/gradle/api/internal/artifacts/DefaultPublishArtifactSet$1
instanceKlass org/jetbrains/plugins/gradle/tooling/ErrorMessageBuilder
instanceKlass org/jetbrains/plugins/gradle/tooling/ModelBuilderService
instanceKlass JetGradlePlugin
instanceKlass org/jetbrains/plugins/gradle/tooling/internal/ExtraModelBuilder
instanceKlass JetGradlePlugin
instanceKlass org/jetbrains/plugins/gradle/tooling/ErrorMessageBuilder
instanceKlass org/jetbrains/plugins/gradle/tooling/ModelBuilderService
instanceKlass JetGradlePlugin
instanceKlass org/jetbrains/plugins/gradle/tooling/internal/ExtraModelBuilder
instanceKlass org/gradle/tooling/model/internal/outcomes/GradleFileBuildOutcome
instanceKlass org/gradle/tooling/model/internal/outcomes/GradleBuildOutcome
instanceKlass org/gradle/tooling/model/idea/IdeaModuleDependency
instanceKlass org/gradle/tooling/model/idea/IdeaSingleEntryLibraryDependency
instanceKlass org/gradle/tooling/model/ExternalDependency
instanceKlass org/gradle/tooling/model/idea/IdeaDependency
instanceKlass org/gradle/tooling/model/Dependency
instanceKlass org/gradle/tooling/internal/consumer/converters/ConsumerTargetTypeProvider
instanceKlass org/gradle/tooling/internal/adapter/ProtocolToModelAdapter$1
instanceKlass org/gradle/tooling/internal/adapter/ProtocolToModelAdapter$NoOpMapping
instanceKlass org/gradle/tooling/internal/adapter/NoOpMethodInvoker
instanceKlass org/gradle/tooling/internal/adapter/CollectionMapper
instanceKlass org/gradle/tooling/internal/adapter/TargetTypeProvider
instanceKlass org/gradle/api/Action
instanceKlass org/gradle/tooling/internal/adapter/MethodInvoker
instanceKlass org/gradle/tooling/model/gradle/GradleBuild
instanceKlass org/jetbrains/plugins/gradle/model/BuildScriptClasspathModel
instanceKlass com/google/appengine/gradle/model/AppEngineModel
instanceKlass com/android/builder/model/AndroidProject
instanceKlass org/jetbrains/plugins/gradle/model/ExtIdeaCompilerOutput
instanceKlass org/gradle/tooling/model/DomainObjectSet
instanceKlass org/jetbrains/plugins/gradle/model/ModuleExtendedModel
instanceKlass org/jetbrains/plugins/gradle/model/ExternalProject
instanceKlass com/android/builder/model/NativeAndroidProject
instanceKlass org/gradle/tooling/model/idea/IdeaModule
instanceKlass org/gradle/tooling/model/HasGradleProject
instanceKlass org/gradle/tooling/model/HierarchicalElement
instanceKlass org/gradle/tooling/model/Element
instanceKlass org/jetbrains/plugins/gradle/model/ProjectImportAction$AllModels
instanceKlass org/gradle/tooling/model/Model
instanceKlass org/jetbrains/plugins/gradle/model/ProjectImportAction
instanceKlass org/gradle/tooling/internal/adapter/ProtocolToModelAdapter
instanceKlass org/gradle/tooling/BuildAction
instanceKlass org/gradle/tooling/BuildController
instanceKlass org/gradle/tooling/internal/consumer/connection/InternalBuildActionAdapter
instanceKlass com/google/gson/internal/Streams
instanceKlass com/android/build/gradle/internal/ExtraModelInfo$1
instanceKlass com/android/ide/common/blame/parser/util/OutputLineReader
instanceKlass org/gradle/messaging/dispatch/ProxyDispatchAdapter$1
instanceKlass org/objectweb/asm/signature/SignatureVisitor
instanceKlass JetGradlePlugin
instanceKlass JetGradlePlugin
instanceKlass java/beans/PropertyChangeSupport$1
instanceKlass JetGradlePlugin
instanceKlass org/gradle/internal/Actions$1
instanceKlass com/google/common/base/Predicates$1
instanceKlass org/gradle/api/internal/tasks/CachingTaskDependencyResolveContext$1
instanceKlass com/android/ide/common/res2/MergedResourceWriter$2
instanceKlass com/android/ide/common/res2/ResourceSet$1
instanceKlass org/gradle/api/internal/artifacts/repositories/resolver/MavenUniqueSnapshotModuleSource
instanceKlass com/sun/tools/javac/jvm/CRTable
instanceKlass com/sun/tools/javac/jvm/CRTFlags
instanceKlass java/lang/ref/ReferenceQueue$1
instanceKlass com/sun/tools/javac/comp/MemberEnter$2
instanceKlass com/sun/tools/javac/comp/MemberEnter$1
instanceKlass com/android/builder/testing/MockableJarGenerator
instanceKlass com/android/builder/internal/TemplateProcessor
instanceKlass com/android/builder/internal/TestManifestGenerator
instanceKlass com/android/builder/internal/compiler/ShaderProcessor
instanceKlass java/util/Collections$CheckedMap
instanceKlass java/util/Collections$CheckedCollection
instanceKlass com/android/builder/internal/ClassFieldImpl
instanceKlass com/squareup/javawriter/JavaWriter
instanceKlass com/android/builder/compiling/BuildConfigGenerator
instanceKlass com/android/builder/internal/compiler/FileGatherer
instanceKlass com/android/builder/internal/compiler/RenderScriptProcessor$Abi
instanceKlass com/android/builder/internal/compiler/RenderScriptProcessor
instanceKlass com/android/builder/internal/compiler/LeafFolderGatherer
instanceKlass com/android/builder/internal/incremental/DependencyDataStore
instanceKlass com/android/builder/internal/compiler/SourceSearcher
instanceKlass com/android/builder/internal/compiler/AidlProcessor
instanceKlass com/android/build/gradle/tasks/AidlCompile$DepFileProcessor
instanceKlass org/gradle/internal/component/local/model/DefaultLocalComponentMetaData$1
instanceKlass com/android/build/gradle/internal/incremental/InstantRunVerifier$3
instanceKlass org/gradle/api/internal/tasks/compile/incremental/RecompilationSpecProvider$InputChangeAction
instanceKlass org/gradle/api/internal/tasks/compile/incremental/jar/JarChangeProcessor
instanceKlass org/gradle/api/internal/tasks/compile/incremental/JavaChangeProcessor
instanceKlass org/gradle/api/internal/tasks/compile/incremental/recomp/RecompilationSpec
instanceKlass org/gradle/api/internal/tasks/compile/incremental/SelectiveCompiler
instanceKlass org/gradle/api/internal/tasks/compile/incremental/deps/ClassSetAnalysis
instanceKlass org/gradle/api/internal/tasks/compile/incremental/jar/PreviousCompilation
instanceKlass com/google/common/collect/RegularImmutableMap$1
instanceKlass sun/nio/cs/UTF_8$1
instanceKlass org/objectweb/asm/Handler
instanceKlass org/gradle/api/internal/file/collections/DefaultFileCollectionResolveContext$1
instanceKlass org/gradle/messaging/remote/internal/Message$1
instanceKlass org/gradle/messaging/remote/internal/Message$CausePlaceholder
instanceKlass org/gradle/messaging/remote/internal/Message$ExceptionPlaceholder
instanceKlass org/gradle/BuildExceptionReporter$2
instanceKlass org/gradle/logging/internal/BufferingStyledTextOutput$ChangeStyleAction
instanceKlass org/gradle/logging/internal/BufferingStyledTextOutput$1
instanceKlass org/gradle/BuildExceptionReporter$FailureDetails
instanceKlass org/codehaus/groovy/runtime/StackTraceUtils
instanceKlass org/gradle/internal/exceptions/Contextual
instanceKlass com/sun/tools/javac/comp/Check$3
instanceKlass com/sun/tools/javac/util/JCDiagnostic$SourcePosition
instanceKlass com/sun/tools/javac/util/JCDiagnostic$1
instanceKlass com/sun/tools/javac/comp/Resolve$15
instanceKlass org/gradle/api/internal/plugins/ExtensionsStorage$1
instanceKlass JetGradlePlugin
instanceKlass org/codehaus/groovy/classgen/asm/ClosureWriter$UseExistingReference
instanceKlass sun/reflect/generics/tree/ByteSignature
instanceKlass org/codehaus/groovy/ast/AstToTextHelper
instanceKlass org/codehaus/groovy/classgen/asm/CompileStack$LabelRange
instanceKlass org/codehaus/groovy/classgen/asm/StatementWriter$1
instanceKlass org/codehaus/groovy/classgen/asm/CompileStack$BlockRecorder
instanceKlass org/codehaus/groovy/classgen/ReturnAdder$2
instanceKlass org/codehaus/groovy/transform/stc/StaticTypeCheckingSupport$2
instanceKlass org/codehaus/groovy/ast/tools/WideningCategories$LowestUpperBoundClassNode$1
instanceKlass org/codehaus/groovy/ast/tools/WideningCategories$2
instanceKlass org/codehaus/groovy/ast/tools/WideningCategories
instanceKlass org/codehaus/groovy/transform/stc/StaticTypeCheckingSupport$ExtensionMethodCache
instanceKlass org/codehaus/groovy/transform/stc/StaticTypeCheckingSupport
instanceKlass java/lang/SuppressWarnings
instanceKlass com/google/common/base/Throwables
instanceKlass com/android/build/gradle/internal/transforms/InstantRunSlicer$2
instanceKlass com/android/build/gradle/internal/transforms/InstantRunSlicer$Slice$SlicedElement
instanceKlass com/android/build/gradle/internal/transforms/InstantRunSlicer$1
instanceKlass com/android/build/gradle/internal/transforms/InstantRunSlicer$Slice
instanceKlass com/android/build/gradle/internal/transforms/InstantRunSlicer$Slices
instanceKlass com/android/build/gradle/internal/pipeline/TransformTask$4
instanceKlass com/android/build/api/transform/SecondaryInput
instanceKlass com/android/build/gradle/internal/transforms/InstantRunDex$2
instanceKlass com/android/ide/common/util/UrlClassLoaderUtil
instanceKlass org/objectweb/asm/tree/TryCatchBlockNode
instanceKlass com/android/build/gradle/internal/incremental/IncrementalChangeVisitor$1
instanceKlass com/android/build/gradle/internal/incremental/ByteCodeUtils
instanceKlass com/android/build/gradle/internal/incremental/StringSwitch$2
instanceKlass com/google/common/collect/Multimaps
instanceKlass com/android/build/gradle/internal/incremental/StringSwitch$1
instanceKlass com/android/build/gradle/internal/incremental/StringSwitch
instanceKlass com/android/build/gradle/internal/incremental/IncrementalSupportVisitor$MethodReference
instanceKlass org/objectweb/asm/Edge
instanceKlass com/android/build/gradle/internal/incremental/ConstructorDelegationDetector$Constructor
instanceKlass org/objectweb/asm/tree/analysis/Subroutine
instanceKlass org/objectweb/asm/tree/analysis/Frame
instanceKlass org/objectweb/asm/tree/analysis/Analyzer
instanceKlass org/objectweb/asm/tree/analysis/BasicValue
instanceKlass org/objectweb/asm/tree/analysis/Value
instanceKlass org/objectweb/asm/Opcodes
instanceKlass org/objectweb/asm/tree/analysis/Interpreter
instanceKlass com/android/build/gradle/internal/incremental/ConstructorDelegationDetector
instanceKlass org/objectweb/asm/commons/Method
instanceKlass com/android/build/gradle/internal/incremental/InstantRunMethodVerifier
instanceKlass org/objectweb/asm/Frame
instanceKlass com/android/build/gradle/internal/incremental/IncrementalSupportVisitor$VisitorBuilder
instanceKlass org/objectweb/asm/Type
instanceKlass com/android/build/gradle/internal/incremental/Redirection
instanceKlass com/android/build/gradle/internal/incremental/IncrementalVisitor$VisitorBuilder
instanceKlass com/android/build/gradle/internal/transforms/InstantRunTransform$2
instanceKlass com/android/build/gradle/internal/pipeline/IntermediateFolderUtils$3
instanceKlass com/android/build/gradle/internal/transforms/MergeJavaResourcesTransform$JarFilter
instanceKlass com/android/build/gradle/internal/transforms/JarMerger
instanceKlass com/android/build/gradle/internal/transforms/MergeJavaResourcesTransform$2
instanceKlass com/android/build/gradle/internal/incremental/InstantRunVerifier$2
instanceKlass org/objectweb/asm/tree/LocalVariableNode
instanceKlass org/objectweb/asm/tree/InsnList
instanceKlass org/objectweb/asm/tree/AbstractInsnNode
instanceKlass org/objectweb/asm/tree/InnerClassNode
instanceKlass org/objectweb/asm/Context
instanceKlass org/objectweb/asm/Attribute
instanceKlass org/objectweb/asm/ClassReader
instanceKlass com/android/build/gradle/internal/incremental/InstantRunVerifier$1
instanceKlass com/android/build/gradle/internal/incremental/InstantRunVerifier$AnnotationNodeComparator
instanceKlass org/objectweb/asm/util/Printer
instanceKlass com/android/build/gradle/internal/incremental/InstantRunVerifier$MethodNodeComparator
instanceKlass com/android/build/gradle/internal/incremental/InstantRunVerifier$Comparator
instanceKlass com/android/build/gradle/internal/incremental/InstantRunVerifier
instanceKlass com/android/build/gradle/internal/incremental/InstantRunVerifier$ClassBytesFileProvider
instanceKlass com/android/build/gradle/internal/transforms/InstantRunVerifierTransform$2
instanceKlass com/android/manifmerger/ManifestMerger2$1
instanceKlass org/gradle/api/internal/artifacts/ivyservice/resolveengine/artifact/DefaultArtifactSet$1
instanceKlass org/gradle/api/internal/AbstractClassGenerator$1
instanceKlass com/android/utils/PositionXmlParser$1
instanceKlass com/android/manifmerger/Actions$1
instanceKlass com/android/ide/common/res2/DataSet$1
instanceKlass com/google/common/cache/LocalCache$WriteThroughEntry
instanceKlass com/google/common/cache/LocalCache$HashIterator
instanceKlass com/google/common/base/Objects$1
instanceKlass com/android/utils/XmlUtils$PositionAwareStringBuilder
instanceKlass com/android/builder/png/AaptProcess$NotifierProcessOutput
instanceKlass com/android/builder/tasks/JobContext
instanceKlass com/android/ide/common/blame/SourceFileJsonTypeAdapter$1
instanceKlass com/google/common/util/concurrent/Uninterruptibles
instanceKlass com/android/ide/common/blame/MergingLogPersistUtil
instanceKlass com/google/common/cache/LocalCache$AbstractReferenceEntry
instanceKlass com/google/common/util/concurrent/ExecutionList
instanceKlass com/google/common/util/concurrent/AbstractFuture
instanceKlass com/google/common/util/concurrent/ListenableFuture
instanceKlass com/google/common/cache/LocalCache$LoadingValueReference
instanceKlass com/android/utils/GrabProcessOutput
instanceKlass com/android/builder/png/AaptProcess$ProcessOutputFacade
instanceKlass com/android/utils/GrabProcessOutput$IProcessOutput
instanceKlass com/android/builder/png/AaptProcess
instanceKlass com/android/builder/png/AaptProcess$Builder
instanceKlass com/android/builder/tasks/WorkQueue$QueueTask
instanceKlass com/android/builder/tasks/BooleanLatch
instanceKlass com/android/builder/png/QueuedCruncher$2
instanceKlass com/android/ide/common/res2/MergedResourceWriter$1
instanceKlass com/google/common/collect/AbstractMapBasedMultimap$Itr
instanceKlass com/android/builder/tasks/WorkQueue
instanceKlass com/android/builder/png/QueuedCruncher$1
instanceKlass com/android/builder/tasks/Job
instanceKlass com/android/builder/tasks/Task
instanceKlass com/android/builder/tasks/QueueThreadContext
instanceKlass com/android/builder/png/QueuedCruncher
instanceKlass com/android/build/gradle/tasks/MergeResources$FilteringLogger
instanceKlass com/android/ide/common/res2/MergeWriter
instanceKlass com/android/resources/FolderTypeRelationship
instanceKlass com/android/ide/common/resources/configuration/FolderConfiguration
instanceKlass com/android/ide/common/res2/ResourceSet$FolderData
instanceKlass com/android/ide/common/res2/ValueResourceNameValidator
instanceKlass com/android/ide/common/res2/ValueResourceParser2
instanceKlass com/android/layoutlib/api/IDensityBasedResourceValue
instanceKlass com/android/layoutlib/api/IStyleResourceValue
instanceKlass com/android/ide/common/rendering/api/ResourceReference
instanceKlass com/android/layoutlib/api/IResourceValue
instanceKlass com/android/ide/common/res2/FileResourceNameValidator
instanceKlass com/android/ide/common/res2/NodeUtils
instanceKlass com/android/ide/common/resources/configuration/ResourceQualifier
instanceKlass com/android/ide/common/res2/DataItem
instanceKlass com/android/ide/common/resources/configuration/Configurable
instanceKlass com/android/ide/common/res2/DataMerger
instanceKlass com/android/builder/png/VectorDrawableRenderer
instanceKlass com/android/build/gradle/internal/tasks/IncrementalTask$2
instanceKlass com/android/build/gradle/internal/tasks/IncrementalTask$1
instanceKlass org/gradle/api/internal/changedetection/state/MapMergeChangeListener$1
instanceKlass com/android/build/gradle/internal/LibraryCache$1$1
instanceKlass com/google/common/collect/TreeTraverser$PostOrderNode
instanceKlass com/google/common/collect/ImmutableMap$SerializedForm
instanceKlass com/android/build/gradle/internal/model/VariantImpl
instanceKlass com/android/builder/model/JavaArtifact
instanceKlass com/android/build/gradle/internal/model/ModelBuilder$1
instanceKlass com/android/builder/model/JavaLibrary
instanceKlass com/android/build/gradle/internal/model/LibraryImpl
instanceKlass com/android/ide/common/caching/CreatingCache$1
instanceKlass com/android/ide/common/caching/CreatingCache$ValueState
instanceKlass com/android/build/gradle/internal/model/BaseArtifactImpl
instanceKlass com/android/build/gradle/internal/model/InstantRunImpl
instanceKlass com/android/build/gradle/internal/model/AndroidArtifactOutputImpl
instanceKlass com/android/builder/model/AndroidArtifactOutput
instanceKlass com/android/build/gradle/internal/model/OutputFileImpl
instanceKlass com/android/build/gradle/internal/model/ModelBuilder$SourceProviders
instanceKlass com/android/build/gradle/internal/model/BuildTypeContainerImpl
instanceKlass com/android/build/gradle/internal/model/ApiVersionImpl
instanceKlass com/android/build/gradle/internal/model/BaseConfigImpl
instanceKlass com/android/build/gradle/internal/model/SourceProviderImpl
instanceKlass com/android/build/gradle/internal/model/SourceProviderContainerImpl
instanceKlass com/android/builder/model/SourceProviderContainer
instanceKlass com/android/build/gradle/internal/model/ProductFlavorContainerImpl
instanceKlass com/android/build/gradle/internal/model/DefaultJavaCompileOptions
instanceKlass com/android/build/gradle/internal/model/SigningConfigImpl
instanceKlass com/android/build/gradle/internal/model/DefaultAndroidProject
instanceKlass com/android/build/gradle/internal/model/AaptOptionsImpl
instanceKlass com/android/build/gradle/internal/model/ArtifactMetaDataImpl
instanceKlass org/gradle/api/internal/plugins/DefaultConvention$1
instanceKlass org/gradle/api/internal/artifacts/repositories/resolver/MavenResolver$1
instanceKlass JetGradlePlugin
instanceKlass com/android/dx/rop/code/RegisterSpec
instanceKlass com/android/dx/rop/type/TypeBearer
instanceKlass com/android/dx/util/ToHuman
instanceKlass com/android/dx/rop/type/Prototype
instanceKlass com/android/dx/cf/direct/ClassPathOpener$Consumer
instanceKlass com/android/dx/cf/direct/ClassPathOpener$FileNameFilter
instanceKlass com/android/dx/cf/direct/AttributeFactory
instanceKlass com/android/dx/command/dexer/Main
instanceKlass com/android/build/gradle/tasks/ZipAlign$1
instanceKlass com/google/common/collect/ImmutableSet$SerializedForm
instanceKlass org/bouncycastle/asn1/DEROctetStringParser
instanceKlass org/bouncycastle/asn1/DERSequenceParser
instanceKlass org/bouncycastle/asn1/DERSetParser
instanceKlass org/bouncycastle/asn1/BERTaggedObjectParser
instanceKlass org/bouncycastle/asn1/BERSequenceParser
instanceKlass org/bouncycastle/asn1/ASN1StreamParser
instanceKlass org/bouncycastle/asn1/OIDTokenizer
instanceKlass org/bouncycastle/asn1/ASN1OutputStream
instanceKlass org/bouncycastle/asn1/eac/EACObjectIdentifiers
instanceKlass org/bouncycastle/x509/X509StoreParameters
instanceKlass org/bouncycastle/cms/CMSSignedHelper
instanceKlass org/bouncycastle/cms/CMSSignedData
instanceKlass org/bouncycastle/cms/CMSUtils
instanceKlass org/bouncycastle/operator/jcajce/JcaDigestCalculatorProviderBuilder$1$1
instanceKlass org/bouncycastle/operator/DefaultDigestAlgorithmIdentifierFinder
instanceKlass org/bouncycastle/operator/DigestAlgorithmIdentifierFinder
instanceKlass org/bouncycastle/cms/SignerInfoGenerator
instanceKlass org/bouncycastle/cms/DefaultCMSSignatureEncryptionAlgorithmFinder
instanceKlass org/bouncycastle/cms/CMSSignatureEncryptionAlgorithmFinder
instanceKlass org/bouncycastle/cms/SignerInfoGeneratorBuilder
instanceKlass org/bouncycastle/operator/DigestCalculator
instanceKlass org/bouncycastle/operator/jcajce/JcaDigestCalculatorProviderBuilder$1
instanceKlass org/bouncycastle/operator/DigestCalculatorProvider
instanceKlass org/bouncycastle/operator/jcajce/JcaDigestCalculatorProviderBuilder
instanceKlass org/bouncycastle/cms/jcajce/JcaSignerInfoGeneratorBuilder
instanceKlass org/bouncycastle/operator/jcajce/JcaContentSignerBuilder$1
instanceKlass org/bouncycastle/util/Strings
instanceKlass org/bouncycastle/operator/DefaultSignatureAlgorithmIdentifierFinder
instanceKlass org/bouncycastle/operator/SignatureAlgorithmIdentifierFinder
instanceKlass org/bouncycastle/jcajce/DefaultJcaJceHelper
instanceKlass org/bouncycastle/asn1/kisa/KISAObjectIdentifiers
instanceKlass org/bouncycastle/asn1/ntt/NTTObjectIdentifiers
instanceKlass org/bouncycastle/operator/jcajce/OperatorHelper
instanceKlass org/bouncycastle/operator/ContentSigner
instanceKlass org/bouncycastle/jcajce/JcaJceHelper
instanceKlass org/bouncycastle/operator/jcajce/JcaContentSignerBuilder
instanceKlass org/bouncycastle/asn1/x9/X9ObjectIdentifiers
instanceKlass org/bouncycastle/asn1/teletrust/TeleTrusTObjectIdentifiers
instanceKlass org/bouncycastle/asn1/cryptopro/CryptoProObjectIdentifiers
instanceKlass org/bouncycastle/asn1/nist/NISTObjectIdentifiers
instanceKlass org/bouncycastle/asn1/oiw/OIWObjectIdentifiers
instanceKlass org/bouncycastle/cms/CMSAttributeTableGenerator
instanceKlass org/bouncycastle/cms/CMSSignedGenerator
instanceKlass org/bouncycastle/asn1/x509/X509ObjectIdentifiers
instanceKlass org/bouncycastle/asn1/x500/style/BCStyle
instanceKlass org/bouncycastle/asn1/x500/X500NameStyle
instanceKlass org/bouncycastle/asn1/ASN1Choice
instanceKlass org/bouncycastle/asn1/ASN1TaggedObjectParser
instanceKlass org/bouncycastle/asn1/ASN1SetParser
instanceKlass org/bouncycastle/asn1/ASN1SequenceParser
instanceKlass org/bouncycastle/asn1/DERFactory
instanceKlass org/bouncycastle/util/Arrays
instanceKlass org/bouncycastle/util/io/Streams
instanceKlass org/bouncycastle/asn1/ASN1EncodableVector
instanceKlass org/bouncycastle/asn1/StreamUtil
instanceKlass org/bouncycastle/asn1/ASN1OctetStringParser
instanceKlass org/bouncycastle/asn1/InMemoryRepresentable
instanceKlass org/bouncycastle/asn1/ASN1String
instanceKlass org/bouncycastle/asn1/BERTags
instanceKlass org/bouncycastle/cert/X509CertificateHolder
instanceKlass org/bouncycastle/util/CollectionStore
instanceKlass org/bouncycastle/asn1/pkcs/PKCSObjectIdentifiers
instanceKlass org/bouncycastle/asn1/cms/CMSObjectIdentifiers
instanceKlass org/bouncycastle/asn1/ASN1Object
instanceKlass org/bouncycastle/cms/CMSProcessableByteArray
instanceKlass org/bouncycastle/cms/CMSReadable
instanceKlass com/android/builder/internal/packaging/Packager$2
instanceKlass org/bouncycastle/util/encoders/Base64Encoder
instanceKlass org/bouncycastle/util/encoders/Encoder
instanceKlass org/bouncycastle/util/encoders/Base64
instanceKlass org/bouncycastle/asn1/ASN1Encodable
instanceKlass org/bouncycastle/util/Store
instanceKlass org/bouncycastle/cms/CMSTypedData
instanceKlass org/bouncycastle/cms/CMSProcessable
instanceKlass com/android/builder/signing/SignedJarBuilder
instanceKlass com/android/builder/internal/packaging/Packager$NoJavaClassZipFilter
instanceKlass com/android/builder/internal/packaging/Packager$DuplicateZipFilter
instanceKlass com/android/builder/internal/packaging/Packager
instanceKlass com/android/builder/internal/packaging/JavaResourceProcessor$IArchiveBuilder
instanceKlass com/android/ide/common/signing/CertificateInfo
instanceKlass com/android/build/gradle/tasks/PackageApplication$4
instanceKlass com/android/builder/core/AndroidBuilder$4
instanceKlass com/google/common/base/Stopwatch$1
instanceKlass com/android/build/gradle/internal/process/GradleJavaProcessExecutor$ExecAction
instanceKlass com/android/ide/common/process/ProcessInfoBuilder$JavaProcessInfoImpl
instanceKlass com/android/builder/core/DexProcessBuilder$1
instanceKlass com/android/builder/core/AndroidBuilder$3
instanceKlass com/android/builder/internal/compiler/PreProcessCache$Item
instanceKlass com/google/common/hash/Funnel
instanceKlass com/google/common/hash/Funnels
instanceKlass com/android/build/gradle/internal/transforms/DexTransform$PreDexTask
instanceKlass com/android/ide/common/internal/ExecutorSingleton
instanceKlass com/android/ide/common/internal/WaitableExecutor
instanceKlass com/android/build/gradle/internal/pipeline/IntermediateFolderUtils$8
instanceKlass com/android/build/gradle/internal/transforms/DexTransform$4
instanceKlass com/android/ide/common/blame/parser/DexParser
instanceKlass com/android/build/gradle/internal/pipeline/TransformInvocationBuilder$1
instanceKlass com/android/build/gradle/internal/pipeline/TransformOutputProviderImpl
instanceKlass com/android/build/api/transform/TransformInvocation
instanceKlass com/android/build/gradle/internal/pipeline/TransformInvocationBuilder
instanceKlass com/google/common/collect/Iterators$5
instanceKlass com/android/build/gradle/internal/pipeline/IntermediateFolderUtils$4
instanceKlass com/google/common/hash/Hashing$Sha1Holder
instanceKlass com/android/build/gradle/internal/pipeline/TransformTask$5
instanceKlass com/android/build/gradle/internal/pipeline/TransformTask$7
instanceKlass com/android/build/gradle/internal/pipeline/TransformTask$6
instanceKlass com/android/ide/common/util/ReferenceHolder
instanceKlass org/objectweb/asm/Label
instanceKlass org/objectweb/asm/Item
instanceKlass org/objectweb/asm/ByteVector
instanceKlass org/objectweb/asm/FieldVisitor
instanceKlass org/objectweb/asm/MethodVisitor
instanceKlass org/objectweb/asm/AnnotationVisitor
instanceKlass org/objectweb/asm/ClassVisitor
instanceKlass com/google/common/hash/AbstractHasher
instanceKlass com/google/common/hash/Hasher
instanceKlass com/google/common/hash/AbstractStreamingHashFunction
instanceKlass com/google/common/hash/Hashing$Md5Holder
instanceKlass com/google/common/hash/HashFunction
instanceKlass com/google/common/hash/Hashing
instanceKlass com/android/ide/common/packaging/PackagingUtils
instanceKlass com/android/build/gradle/tasks/MarkerFile
instanceKlass com/android/build/gradle/internal/incremental/InstantRunBuildContext$1
instanceKlass com/android/build/gradle/internal/incremental/InstantRunBuildContext$Artifact
instanceKlass com/google/common/collect/StandardTable$Row$RowEntrySet$1
instanceKlass com/google/common/collect/StandardTable$RowMap$EntrySet$1
instanceKlass com/google/common/collect/Tables$AbstractCell
instanceKlass com/google/common/collect/Tables$1
instanceKlass com/google/common/collect/RowSortedTable
instanceKlass com/google/common/collect/Table$Cell
instanceKlass com/google/common/collect/Tables
instanceKlass com/google/common/collect/StandardTable$CellIterator
instanceKlass com/android/builder/internal/SymbolWriter
instanceKlass com/android/builder/internal/SymbolLoader$SymbolEntry
instanceKlass com/google/common/collect/HashBasedTable$Factory
instanceKlass com/google/common/collect/AbstractTable
instanceKlass com/google/common/io/CharStreams
instanceKlass com/google/common/io/Files$1
instanceKlass com/google/common/collect/Table
instanceKlass com/android/builder/internal/SymbolLoader
instanceKlass com/android/build/gradle/internal/process/GradleProcessResult
instanceKlass com/android/build/gradle/internal/process/GradleProcessExecutor$ExecAction
instanceKlass com/android/ide/common/process/BaseProcessOutputHandler$BaseProcessOutput
instanceKlass com/android/ide/common/process/ProcessInfoBuilder$ProcessInfoImpl
instanceKlass com/android/ide/common/process/JavaProcessInfo
instanceKlass com/android/ide/common/blame/MergingLogRewriter$1
instanceKlass com/android/ide/common/blame/MergingLogRewriter
instanceKlass com/android/ide/common/blame/parser/aapt/AbstractAaptOutputParser
instanceKlass com/android/ide/common/blame/parser/aapt/AaptOutputParser
instanceKlass com/android/ide/common/blame/parser/ToolOutputParser
instanceKlass com/android/ide/common/process/BaseProcessOutputHandler
instanceKlass com/google/common/cache/RemovalListener
instanceKlass com/google/common/cache/Weigher
instanceKlass com/google/common/base/Equivalence
instanceKlass com/google/common/cache/LocalCache$StrongValueReference
instanceKlass com/google/common/cache/LocalCache$1
instanceKlass com/google/common/util/concurrent/ListeningScheduledExecutorService
instanceKlass com/google/common/util/concurrent/ListeningExecutorService
instanceKlass com/google/common/util/concurrent/MoreExecutors
instanceKlass com/google/common/cache/LocalCache$ReferenceEntry
instanceKlass com/google/common/cache/LocalCache$ValueReference
instanceKlass com/google/common/cache/LocalCache$LocalManualCache
instanceKlass com/google/common/cache/CacheBuilder$2
instanceKlass com/google/common/cache/CacheStats
instanceKlass com/google/common/cache/CacheBuilder$1
instanceKlass com/google/common/cache/AbstractCache$StatsCounter
instanceKlass com/google/common/cache/LoadingCache
instanceKlass com/google/common/cache/Cache
instanceKlass com/google/common/cache/CacheBuilder
instanceKlass com/google/common/cache/CacheLoader
instanceKlass com/android/ide/common/blame/MergingLog
instanceKlass com/android/ide/common/process/ProcessEnvBuilder
instanceKlass com/google/common/collect/ImmutableList$SerializedForm
instanceKlass com/google/common/io/CharSink
instanceKlass com/android/builder/core/AndroidBuilder$5
instanceKlass com/android/manifmerger/MergingReport
instanceKlass com/google/common/io/LineBuffer
instanceKlass com/google/common/io/LineReader
instanceKlass com/google/common/collect/AbstractMapBasedMultimap$AsMap$AsMapIterator
instanceKlass com/google/common/collect/ImmutableMultimap$Builder
instanceKlass com/android/ide/common/xml/XmlAttributeSortOrder$3
instanceKlass com/android/ide/common/xml/XmlPrettyPrinter
instanceKlass com/android/ide/common/xml/XmlAttributeSortOrder$2
instanceKlass com/android/ide/common/xml/XmlAttributeSortOrder$1
instanceKlass com/android/ide/common/xml/XmlFormatPreferences
instanceKlass com/android/manifmerger/ToolsInstructionsCleaner
instanceKlass com/android/manifmerger/PostValidator$1
instanceKlass com/android/manifmerger/Actions
instanceKlass com/android/manifmerger/PostValidator
instanceKlass com/android/manifmerger/ElementsTrimmer
instanceKlass com/android/manifmerger/XmlElement$1
instanceKlass com/android/manifmerger/MergingReport$Record
instanceKlass com/android/manifmerger/MergingReport$1
instanceKlass com/android/manifmerger/PreValidator
instanceKlass com/android/manifmerger/PlaceholderHandler
instanceKlass com/android/manifmerger/Actions$DecisionTreeRecord
instanceKlass com/android/manifmerger/ConvertibleName
instanceKlass com/android/manifmerger/Actions$Record
instanceKlass com/android/manifmerger/XmlNode$NodeKey
instanceKlass com/android/manifmerger/Selector
instanceKlass com/google/common/base/AbstractIterator$1
instanceKlass com/android/manifmerger/XmlNode$Name
instanceKlass com/android/utils/SdkUtils
instanceKlass com/android/manifmerger/AttributeModel$Hexadecimal32Bits
instanceKlass com/android/manifmerger/ManifestModel$TwoAttributesBasedKeyResolver
instanceKlass com/android/manifmerger/AttributeModel$MultiValueValidator
instanceKlass com/android/manifmerger/XmlNode$NamespaceAwareName
instanceKlass com/android/manifmerger/AttributeModel$3
instanceKlass com/android/manifmerger/AttributeModel$2
instanceKlass com/android/manifmerger/AttributeModel$1
instanceKlass com/android/manifmerger/AttributeModel$MergingPolicy
instanceKlass com/android/manifmerger/AttributeModel
instanceKlass com/android/manifmerger/AttributeModel$Builder
instanceKlass com/android/manifmerger/AttributeModel$BooleanValidator
instanceKlass com/android/manifmerger/ManifestModel$2
instanceKlass com/android/manifmerger/ManifestModel$1
instanceKlass com/android/manifmerger/ManifestModel$NoKeyNodeResolver
instanceKlass com/android/manifmerger/ManifestModel$AttributeBasedNodeKeyResolver
instanceKlass com/android/manifmerger/ManifestModel
instanceKlass com/android/manifmerger/AttributeModel$Validator
instanceKlass com/android/manifmerger/ManifestModel$NodeKeyResolver
instanceKlass com/android/manifmerger/XmlNode$1
instanceKlass com/android/manifmerger/XmlNode$NodeName
instanceKlass com/android/manifmerger/XmlNode
